2012-10-02 16:37:07,539 [main] INFO  c.n.h.c.p.n.NettyAsyncHttpProvider - Number of application's worked threads is 16
2012-10-02 16:37:07,684 [pool-6-thread-1] INFO  c.n.h.c.p.n.NettyAsyncHttpProvider - Number of application's worked threads is 16
2012-10-02 16:37:07,709 [main] ERROR o.e.r.i.r.repo.ModelRepositoryIndex - Failed to open search index.
org.apache.lucene.index.IndexNotFoundException: no segments* file found in org.apache.lucene.store.MMapDirectory@C:\Users\bilat\Desktop\New folder (3)\WCoursJavaM\.metadata\.plugins\org.eclipse.recommenders.rcp\index lockFactory=org.apache.lucene.store.NativeFSLockFactory@15cdde42: files: []
	at org.apache.lucene.index.SegmentInfos$FindSegmentsFile.run(SegmentInfos.java:712) ~[org.apache.lucene.core_3.5.0.v20120319-2345.jar:3.5.0 1204988 - simon - 2011-11-22 14:46:51]
	at org.apache.lucene.index.DirectoryReader.open(DirectoryReader.java:75) ~[org.apache.lucene.core_3.5.0.v20120319-2345.jar:3.5.0 1204988 - simon - 2011-11-22 14:46:51]
	at org.apache.lucene.index.IndexReader.open(IndexReader.java:462) ~[org.apache.lucene.core_3.5.0.v20120319-2345.jar:3.5.0 1204988 - simon - 2011-11-22 14:46:51]
	at org.apache.lucene.index.IndexReader.open(IndexReader.java:308) ~[org.apache.lucene.core_3.5.0.v20120319-2345.jar:3.5.0 1204988 - simon - 2011-11-22 14:46:51]
	at org.eclipse.recommenders.internal.rcp.repo.ModelRepositoryIndex.open(ModelRepositoryIndex.java:64) ~[org.eclipse.recommenders.rcp_1.0.0.v20120914-1432-b175.jar:na]
	at org.eclipse.recommenders.internal.rcp.wiring.RecommendersModule$ServicesInitializer.<init>(RecommendersModule.java:365) [org.eclipse.recommenders.rcp_1.0.0.v20120914-1432-b175.jar:na]
	at sun.reflect.NativeConstructorAccessorImpl.newInstance0(Native Method) [na:1.7.0_05]
	at sun.reflect.NativeConstructorAccessorImpl.newInstance(NativeConstructorAccessorImpl.java:57) [na:1.7.0_05]
	at sun.reflect.DelegatingConstructorAccessorImpl.newInstance(DelegatingConstructorAccessorImpl.java:45) [na:1.7.0_05]
	at java.lang.reflect.Constructor.newInstance(Constructor.java:525) [na:1.7.0_05]
	at com.google.inject.internal.DefaultConstructionProxyFactory$1.newInstance(DefaultConstructionProxyFactory.java:85) [com.google.inject_3.0.0.v201203062045.jar:na]
	at com.google.inject.internal.ConstructorInjector.construct(ConstructorInjector.java:85) [com.google.inject_3.0.0.v201203062045.jar:na]
	at com.google.inject.internal.ConstructorBindingImpl$Factory.get(ConstructorBindingImpl.java:254) [com.google.inject_3.0.0.v201203062045.jar:na]
	at com.google.inject.internal.ProviderToInternalFactoryAdapter$1.call(ProviderToInternalFactoryAdapter.java:46) [com.google.inject_3.0.0.v201203062045.jar:na]
	at com.google.inject.internal.InjectorImpl.callInContext(InjectorImpl.java:1031) [com.google.inject_3.0.0.v201203062045.jar:na]
	at com.google.inject.internal.ProviderToInternalFactoryAdapter.get(ProviderToInternalFactoryAdapter.java:40) [com.google.inject_3.0.0.v201203062045.jar:na]
	at com.google.inject.Scopes$1$1.get(Scopes.java:65) [com.google.inject_3.0.0.v201203062045.jar:na]
	at com.google.inject.internal.InternalFactoryToProviderAdapter.get(InternalFactoryToProviderAdapter.java:40) [com.google.inject_3.0.0.v201203062045.jar:na]
	at com.google.inject.internal.InternalInjectorCreator$1.call(InternalInjectorCreator.java:204) [com.google.inject_3.0.0.v201203062045.jar:na]
	at com.google.inject.internal.InternalInjectorCreator$1.call(InternalInjectorCreator.java:198) [com.google.inject_3.0.0.v201203062045.jar:na]
	at com.google.inject.internal.InjectorImpl.callInContext(InjectorImpl.java:1024) [com.google.inject_3.0.0.v201203062045.jar:na]
	at com.google.inject.internal.InternalInjectorCreator.loadEagerSingletons(InternalInjectorCreator.java:198) [com.google.inject_3.0.0.v201203062045.jar:na]
	at com.google.inject.internal.InternalInjectorCreator.injectDynamically(InternalInjectorCreator.java:179) [com.google.inject_3.0.0.v201203062045.jar:na]
	at com.google.inject.internal.InternalInjectorCreator.build(InternalInjectorCreator.java:109) [com.google.inject_3.0.0.v201203062045.jar:na]
	at com.google.inject.Guice.createInjector(Guice.java:95) [com.google.inject_3.0.0.v201203062045.jar:na]
	at com.google.inject.Guice.createInjector(Guice.java:72) [com.google.inject_3.0.0.v201203062045.jar:na]
	at org.eclipse.recommenders.injection.InjectionService.getInjector(InjectionService.java:47) [org.eclipse.recommenders.injection_1.0.0.v20120914-1432-b175.jar:na]
	at org.eclipse.recommenders.injection.ExtensionFactory.<init>(ExtensionFactory.java:28) [org.eclipse.recommenders.injection_1.0.0.v20120914-1432-b175.jar:na]
	at sun.reflect.NativeConstructorAccessorImpl.newInstance0(Native Method) [na:1.7.0_05]
	at sun.reflect.NativeConstructorAccessorImpl.newInstance(NativeConstructorAccessorImpl.java:57) [na:1.7.0_05]
	at sun.reflect.DelegatingConstructorAccessorImpl.newInstance(DelegatingConstructorAccessorImpl.java:45) [na:1.7.0_05]
	at java.lang.reflect.Constructor.newInstance(Constructor.java:525) [na:1.7.0_05]
	at java.lang.Class.newInstance0(Class.java:372) [na:1.7.0_05]
	at java.lang.Class.newInstance(Class.java:325) [na:1.7.0_05]
	at org.eclipse.core.internal.registry.osgi.RegistryStrategyOSGI.createExecutableExtension(RegistryStrategyOSGI.java:184) [org.eclipse.equinox.registry_3.5.200.v20120522-1841.jar:na]
	at org.eclipse.core.internal.registry.ExtensionRegistry.createExecutableExtension(ExtensionRegistry.java:905) [org.eclipse.equinox.registry_3.5.200.v20120522-1841.jar:na]
	at org.eclipse.core.internal.registry.ConfigurationElement.createExecutableExtension(ConfigurationElement.java:243) [org.eclipse.equinox.registry_3.5.200.v20120522-1841.jar:na]
	at org.eclipse.core.internal.registry.ConfigurationElementHandle.createExecutableExtension(ConfigurationElementHandle.java:55) [org.eclipse.equinox.registry_3.5.200.v20120522-1841.jar:na]
	at org.eclipse.jdt.internal.ui.text.java.CompletionProposalComputerDescriptor.createComputer(CompletionProposalComputerDescriptor.java:308) [org.eclipse.jdt.ui_3.8.1.v20120814-144251.jar:na]
	at org.eclipse.jdt.internal.ui.text.java.CompletionProposalComputerDescriptor.getComputer(CompletionProposalComputerDescriptor.java:275) [org.eclipse.jdt.ui_3.8.1.v20120814-144251.jar:na]
	at org.eclipse.jdt.internal.ui.text.java.CompletionProposalComputerDescriptor.sessionStarted(CompletionProposalComputerDescriptor.java:418) [org.eclipse.jdt.ui_3.8.1.v20120814-144251.jar:na]
	at org.eclipse.jdt.internal.ui.text.java.CompletionProposalCategory.sessionStarted(CompletionProposalCategory.java:389) [org.eclipse.jdt.ui_3.8.1.v20120814-144251.jar:na]
	at org.eclipse.jdt.internal.ui.text.java.ContentAssistProcessor$CompletionListener.assistSessionStarted(ContentAssistProcessor.java:119) [org.eclipse.jdt.ui_3.8.1.v20120814-144251.jar:na]
	at org.eclipse.jface.text.contentassist.ContentAssistant.fireSessionBeginEvent(ContentAssistant.java:2221) [org.eclipse.jface.text_3.8.1.v20120828-155502.jar:na]
	at org.eclipse.jface.text.contentassist.ContentAssistant.prepareToShowCompletions(ContentAssistant.java:1696) [org.eclipse.jface.text_3.8.1.v20120828-155502.jar:na]
	at org.eclipse.jface.text.contentassist.ContentAssistant.showPossibleCompletions(ContentAssistant.java:1661) [org.eclipse.jface.text_3.8.1.v20120828-155502.jar:na]
	at org.eclipse.jdt.internal.ui.javaeditor.CompilationUnitEditor$AdaptedSourceViewer.doOperation(CompilationUnitEditor.java:183) [org.eclipse.jdt.ui_3.8.1.v20120814-144251.jar:na]
	at org.eclipse.ui.texteditor.ContentAssistAction$1.run(ContentAssistAction.java:82) [org.eclipse.ui.workbench.texteditor_3.8.0.v20120523-1310.jar:na]
	at org.eclipse.swt.custom.BusyIndicator.showWhile(BusyIndicator.java:70) [org.eclipse.swt.win32.win32.x86_64_3.100.1.v4234e.jar:na]
	at org.eclipse.ui.texteditor.ContentAssistAction.run(ContentAssistAction.java:80) [org.eclipse.ui.workbench.texteditor_3.8.0.v20120523-1310.jar:na]
	at org.eclipse.ui.texteditor.RetargetTextEditorAction.run(RetargetTextEditorAction.java:237) [org.eclipse.ui.workbench.texteditor_3.8.0.v20120523-1310.jar:na]
	at org.eclipse.jface.action.Action.runWithEvent(Action.java:498) [org.eclipse.jface_3.8.101.v20120817-083647.jar:na]
	at org.eclipse.jface.commands.ActionHandler.execute(ActionHandler.java:119) [org.eclipse.jface_3.8.101.v20120817-083647.jar:na]
	at org.eclipse.ui.internal.handlers.E4HandlerProxy.execute(E4HandlerProxy.java:76) [org.eclipse.ui.workbench_3.103.1.v20120906-120042.jar:na]
	at sun.reflect.NativeMethodAccessorImpl.invoke0(Native Method) ~[na:1.7.0_05]
	at sun.reflect.NativeMethodAccessorImpl.invoke(NativeMethodAccessorImpl.java:57) ~[na:1.7.0_05]
	at sun.reflect.DelegatingMethodAccessorImpl.invoke(DelegatingMethodAccessorImpl.java:43) ~[na:1.7.0_05]
	at java.lang.reflect.Method.invoke(Method.java:601) ~[na:1.7.0_05]
	at org.eclipse.e4.core.internal.di.MethodRequestor.execute(MethodRequestor.java:56) [org.eclipse.e4.core.di_1.1.0.v20120627-124443.jar:na]
	at org.eclipse.e4.core.internal.di.InjectorImpl.invokeUsingClass(InjectorImpl.java:229) [org.eclipse.e4.core.di_1.1.0.v20120627-124443.jar:na]
	at org.eclipse.e4.core.internal.di.InjectorImpl.invoke(InjectorImpl.java:210) [org.eclipse.e4.core.di_1.1.0.v20120627-124443.jar:na]
	at org.eclipse.e4.core.contexts.ContextInjectionFactory.invoke(ContextInjectionFactory.java:131) [org.eclipse.e4.core.contexts_1.1.0.v20120828-170404.jar:na]
	at org.eclipse.e4.core.commands.internal.HandlerServiceImpl.executeHandler(HandlerServiceImpl.java:171) [org.eclipse.e4.core.commands_0.10.1.v20120523-1955.jar:na]
	at org.eclipse.e4.ui.bindings.keys.KeyBindingDispatcher.executeCommand(KeyBindingDispatcher.java:276) [org.eclipse.e4.ui.bindings_0.10.1.v20120716-173435.jar:na]
	at org.eclipse.e4.ui.bindings.keys.KeyBindingDispatcher.press(KeyBindingDispatcher.java:494) [org.eclipse.e4.ui.bindings_0.10.1.v20120716-173435.jar:na]
	at org.eclipse.e4.ui.bindings.keys.KeyBindingDispatcher.processKeyEvent(KeyBindingDispatcher.java:545) [org.eclipse.e4.ui.bindings_0.10.1.v20120716-173435.jar:na]
	at org.eclipse.e4.ui.bindings.keys.KeyBindingDispatcher.filterKeySequenceBindings(KeyBindingDispatcher.java:366) [org.eclipse.e4.ui.bindings_0.10.1.v20120716-173435.jar:na]
	at org.eclipse.e4.ui.bindings.keys.KeyBindingDispatcher.access$0(KeyBindingDispatcher.java:313) [org.eclipse.e4.ui.bindings_0.10.1.v20120716-173435.jar:na]
	at org.eclipse.e4.ui.bindings.keys.KeyBindingDispatcher$KeyDownFilter.handleEvent(KeyBindingDispatcher.java:82) [org.eclipse.e4.ui.bindings_0.10.1.v20120716-173435.jar:na]
	at org.eclipse.swt.widgets.EventTable.sendEvent(EventTable.java:84) [org.eclipse.swt.win32.win32.x86_64_3.100.1.v4234e.jar:na]
	at org.eclipse.swt.widgets.Display.filterEvent(Display.java:1262) [org.eclipse.swt.win32.win32.x86_64_3.100.1.v4234e.jar:na]
	at org.eclipse.swt.widgets.Widget.sendEvent(Widget.java:1052) [org.eclipse.swt.win32.win32.x86_64_3.100.1.v4234e.jar:na]
	at org.eclipse.swt.widgets.Widget.sendEvent(Widget.java:1077) [org.eclipse.swt.win32.win32.x86_64_3.100.1.v4234e.jar:na]
	at org.eclipse.swt.widgets.Widget.sendEvent(Widget.java:1062) [org.eclipse.swt.win32.win32.x86_64_3.100.1.v4234e.jar:na]
	at org.eclipse.swt.widgets.Widget.sendKeyEvent(Widget.java:1104) [org.eclipse.swt.win32.win32.x86_64_3.100.1.v4234e.jar:na]
	at org.eclipse.swt.widgets.Widget.sendKeyEvent(Widget.java:1100) [org.eclipse.swt.win32.win32.x86_64_3.100.1.v4234e.jar:na]
	at org.eclipse.swt.widgets.Widget.wmChar(Widget.java:1521) [org.eclipse.swt.win32.win32.x86_64_3.100.1.v4234e.jar:na]
	at org.eclipse.swt.widgets.Control.WM_CHAR(Control.java:4640) [org.eclipse.swt.win32.win32.x86_64_3.100.1.v4234e.jar:na]
	at org.eclipse.swt.widgets.Canvas.WM_CHAR(Canvas.java:345) [org.eclipse.swt.win32.win32.x86_64_3.100.1.v4234e.jar:na]
	at org.eclipse.swt.widgets.Control.windowProc(Control.java:4528) [org.eclipse.swt.win32.win32.x86_64_3.100.1.v4234e.jar:na]
	at org.eclipse.swt.widgets.Canvas.windowProc(Canvas.java:341) [org.eclipse.swt.win32.win32.x86_64_3.100.1.v4234e.jar:na]
	at org.eclipse.swt.widgets.Display.windowProc(Display.java:4976) [org.eclipse.swt.win32.win32.x86_64_3.100.1.v4234e.jar:na]
	at org.eclipse.swt.internal.win32.OS.DispatchMessageW(Native Method) [org.eclipse.swt.win32.win32.x86_64_3.100.1.v4234e.jar:na]
	at org.eclipse.swt.internal.win32.OS.DispatchMessage(OS.java:2546) [org.eclipse.swt.win32.win32.x86_64_3.100.1.v4234e.jar:na]
	at org.eclipse.swt.widgets.Display.readAndDispatch(Display.java:3756) [org.eclipse.swt.win32.win32.x86_64_3.100.1.v4234e.jar:na]
	at org.eclipse.e4.ui.internal.workbench.swt.PartRenderingEngine$9.run(PartRenderingEngine.java:1029) [org.eclipse.e4.ui.workbench.swt_0.10.2.v20120802-184737.jar:na]
	at org.eclipse.core.databinding.observable.Realm.runWithDefault(Realm.java:332) [org.eclipse.core.databinding.observable_1.4.1.v20120521-2329.jar:na]
	at org.eclipse.e4.ui.internal.workbench.swt.PartRenderingEngine.run(PartRenderingEngine.java:923) [org.eclipse.e4.ui.workbench.swt_0.10.2.v20120802-184737.jar:na]
	at org.eclipse.e4.ui.internal.workbench.E4Workbench.createAndRunUI(E4Workbench.java:86) [org.eclipse.e4.ui.workbench_0.10.3.v20120822-140642.jar:na]
	at org.eclipse.ui.internal.Workbench$5.run(Workbench.java:588) [org.eclipse.ui.workbench_3.103.1.v20120906-120042.jar:na]
	at org.eclipse.core.databinding.observable.Realm.runWithDefault(Realm.java:332) [org.eclipse.core.databinding.observable_1.4.1.v20120521-2329.jar:na]
	at org.eclipse.ui.internal.Workbench.createAndRunWorkbench(Workbench.java:543) [org.eclipse.ui.workbench_3.103.1.v20120906-120042.jar:na]
	at org.eclipse.ui.PlatformUI.createAndRunWorkbench(PlatformUI.java:149) [org.eclipse.ui.workbench_3.103.1.v20120906-120042.jar:na]
	at org.eclipse.ui.internal.ide.application.IDEApplication.start(IDEApplication.java:124) [org.eclipse.ui.ide.application_1.0.400.v20120523-1955.jar:na]
	at org.eclipse.equinox.internal.app.EclipseAppHandle.run(EclipseAppHandle.java:196) [org.eclipse.equinox.app_1.3.100.v20120522-1841.jar:na]
	at org.eclipse.core.runtime.internal.adaptor.EclipseAppLauncher.runApplication(EclipseAppLauncher.java:110) [org.eclipse.osgi_3.8.1.v20120830-144521.jar:na]
	at org.eclipse.core.runtime.internal.adaptor.EclipseAppLauncher.start(EclipseAppLauncher.java:79) [org.eclipse.osgi_3.8.1.v20120830-144521.jar:na]
	at org.eclipse.core.runtime.adaptor.EclipseStarter.run(EclipseStarter.java:353) [org.eclipse.osgi_3.8.1.v20120830-144521.jar:na]
	at org.eclipse.core.runtime.adaptor.EclipseStarter.run(EclipseStarter.java:180) [org.eclipse.osgi_3.8.1.v20120830-144521.jar:na]
	at sun.reflect.NativeMethodAccessorImpl.invoke0(Native Method) ~[na:1.7.0_05]
	at sun.reflect.NativeMethodAccessorImpl.invoke(NativeMethodAccessorImpl.java:57) ~[na:1.7.0_05]
	at sun.reflect.DelegatingMethodAccessorImpl.invoke(DelegatingMethodAccessorImpl.java:43) ~[na:1.7.0_05]
	at java.lang.reflect.Method.invoke(Method.java:601) ~[na:1.7.0_05]
	at org.eclipse.equinox.launcher.Main.invokeFramework(Main.java:629) [org.eclipse.equinox.launcher_1.3.0.v20120522-1813.jar:na]
	at org.eclipse.equinox.launcher.Main.basicRun(Main.java:584) [org.eclipse.equinox.launcher_1.3.0.v20120522-1813.jar:na]
	at org.eclipse.equinox.launcher.Main.run(Main.java:1438) [org.eclipse.equinox.launcher_1.3.0.v20120522-1813.jar:na]
2012-10-02 16:37:10,787 [pool-8-thread-1] INFO  c.n.h.c.p.n.NettyAsyncHttpProvider - Number of application's worked threads is 16
2012-10-03 09:32:52,116 [main] INFO  c.n.h.c.p.n.NettyAsyncHttpProvider - Number of application's worked threads is 4
2012-10-03 09:32:54,690 [Worker-0] WARN  o.e.r.i.rcp.repo.ModelRepository - 'remote-models (http://download.eclipse.org/recommenders/models/juno/, releases+snapshots)' did not send ETAG header for 'org.eclipse.recommenders:index:zip:0.0.0'.
2012-10-03 09:32:55,283 [pool-6-thread-1] INFO  c.n.h.c.p.n.NettyAsyncHttpProvider - Number of application's worked threads is 4
2012-10-03 09:32:57,763 [Worker-0] WARN  o.e.r.i.rcp.repo.ModelRepository - 'remote-models (http://download.eclipse.org/recommenders/models/juno/, releases+snapshots)' did not send ETAG header for 'org.eclipse.recommenders:index:zip:0.0.0'.
2012-10-03 10:10:12,682 [pool-8-thread-1] INFO  c.n.h.c.p.n.NettyAsyncHttpProvider - Number of application's worked threads is 4
2012-10-03 10:10:13,743 [pool-10-thread-1] INFO  c.n.h.c.p.n.NettyAsyncHttpProvider - Number of application's worked threads is 4
2012-10-03 10:10:14,788 [pool-12-thread-1] INFO  c.n.h.c.p.n.NettyAsyncHttpProvider - Number of application's worked threads is 4
2012-10-03 10:10:16,832 [Worker-4] WARN  o.e.r.i.rcp.repo.ModelRepository - 'remote-models (http://download.eclipse.org/recommenders/models/juno/, releases+snapshots)' did not send ETAG header for 'jre:jre:pom:1.0.0'.
2012-10-06 10:32:17,075 [main] INFO  c.n.h.c.p.n.NettyAsyncHttpProvider - Number of application's worked threads is 8
2012-10-06 10:32:18,073 [pool-6-thread-1] INFO  c.n.h.c.p.n.NettyAsyncHttpProvider - Number of application's worked threads is 8
2012-10-10 09:38:55,061 [main] INFO  c.n.h.c.p.n.NettyAsyncHttpProvider - Number of application's worked threads is 8
2012-10-10 09:38:56,440 [Worker-2] WARN  o.e.r.i.rcp.repo.ModelRepository - 'remote-models (http://download.eclipse.org/recommenders/models/juno/, releases+snapshots)' did not send ETAG header for 'org.eclipse.recommenders:index:zip:0.0.0'.
2012-10-10 09:38:56,629 [pool-6-thread-1] INFO  c.n.h.c.p.n.NettyAsyncHttpProvider - Number of application's worked threads is 8
2012-10-10 09:38:58,680 [Worker-2] WARN  o.e.r.i.rcp.repo.ModelRepository - 'remote-models (http://download.eclipse.org/recommenders/models/juno/, releases+snapshots)' did not send ETAG header for 'org.eclipse.recommenders:index:zip:0.0.0'.
2012-10-10 11:32:05,907 [pool-8-thread-1] INFO  c.n.h.c.p.n.NettyAsyncHttpProvider - Number of application's worked threads is 8
2012-10-10 11:32:06,952 [pool-10-thread-1] INFO  c.n.h.c.p.n.NettyAsyncHttpProvider - Number of application's worked threads is 8
2012-10-10 11:32:07,997 [pool-12-thread-1] INFO  c.n.h.c.p.n.NettyAsyncHttpProvider - Number of application's worked threads is 8
2012-10-10 11:32:10,056 [Worker-19] WARN  o.e.r.i.rcp.repo.ModelRepository - 'remote-models (http://download.eclipse.org/recommenders/models/juno/, releases+snapshots)' did not send ETAG header for 'jre:jre:pom:1.0.0'.
2012-10-23 22:13:43,525 [main] INFO  c.n.h.c.p.n.NettyAsyncHttpProvider - Number of application's worked threads is 4
2012-10-23 22:13:45,057 [pool-6-thread-1] INFO  c.n.h.c.p.n.NettyAsyncHttpProvider - Number of application's worked threads is 4
2012-10-24 09:11:07,670 [main] INFO  c.n.h.c.p.n.NettyAsyncHttpProvider - Number of application's worked threads is 4
2012-10-24 09:11:10,670 [Worker-3] WARN  o.e.r.i.rcp.repo.ModelRepository - 'remote-models (http://download.eclipse.org/recommenders/models/juno/, releases+snapshots)' did not send ETAG header for 'org.eclipse.recommenders:index:zip:0.0.0'.
2012-10-24 09:11:11,000 [pool-6-thread-1] INFO  c.n.h.c.p.n.NettyAsyncHttpProvider - Number of application's worked threads is 4
2012-10-24 09:11:13,119 [Worker-3] WARN  o.e.r.i.rcp.repo.ModelRepository - 'remote-models (http://download.eclipse.org/recommenders/models/juno/, releases+snapshots)' did not send ETAG header for 'org.eclipse.recommenders:index:zip:0.0.0'.
2012-10-24 09:11:59,908 [pool-8-thread-1] INFO  c.n.h.c.p.n.NettyAsyncHttpProvider - Number of application's worked threads is 4
2012-10-24 09:12:00,948 [pool-10-thread-1] INFO  c.n.h.c.p.n.NettyAsyncHttpProvider - Number of application's worked threads is 4
2012-10-24 09:12:01,988 [pool-12-thread-1] INFO  c.n.h.c.p.n.NettyAsyncHttpProvider - Number of application's worked threads is 4
2012-10-24 09:12:04,048 [Worker-3] WARN  o.e.r.i.rcp.repo.ModelRepository - 'remote-models (http://download.eclipse.org/recommenders/models/juno/, releases+snapshots)' did not send ETAG header for 'jre:jre:pom:1.0.0'.
2012-10-26 15:59:12,751 [main] INFO  c.n.h.c.p.n.NettyAsyncHttpProvider - Number of application's worked threads is 16
2012-10-26 15:59:14,171 [Worker-1] WARN  o.e.r.i.rcp.repo.ModelRepository - 'remote-models (http://download.eclipse.org/recommenders/models/juno/, releases+snapshots)' did not send ETAG header for 'org.eclipse.recommenders:index:zip:0.0.0'.
2012-10-26 16:33:53,211 [main] INFO  c.n.h.c.p.n.NettyAsyncHttpProvider - Number of application's worked threads is 16
2012-10-26 16:33:53,481 [Worker-4] WARN  o.e.r.i.rcp.repo.ModelRepository - 'remote-models (http://download.eclipse.org/recommenders/models/juno/, releases+snapshots)' did not send ETAG header for 'org.eclipse.recommenders:index:zip:0.0.0'.
2012-10-26 16:38:28,872 [pool-6-thread-1] INFO  c.n.h.c.p.n.NettyAsyncHttpProvider - Number of application's worked threads is 16
2012-10-26 16:38:28,902 [pool-8-thread-1] INFO  c.n.h.c.p.n.NettyAsyncHttpProvider - Number of application's worked threads is 16
2012-10-26 16:38:28,922 [pool-10-thread-1] INFO  c.n.h.c.p.n.NettyAsyncHttpProvider - Number of application's worked threads is 16
2012-10-26 16:38:28,922 [Worker-6] WARN  o.e.r.i.rcp.repo.ModelRepository - 'remote-models (http://download.eclipse.org/recommenders/models/juno/, releases+snapshots)' did not send ETAG header for 'jre:jre:pom:1.0.0'.
2012-10-31 09:14:10,161 [main] INFO  c.n.h.c.p.n.NettyAsyncHttpProvider - Number of application's worked threads is 16
2012-10-31 09:14:11,471 [Worker-7] WARN  o.e.r.i.rcp.repo.ModelRepository - 'remote-models (http://download.eclipse.org/recommenders/models/juno/, releases+snapshots)' did not send ETAG header for 'org.eclipse.recommenders:index:zip:0.0.0'.
2012-10-31 09:15:04,069 [pool-6-thread-1] INFO  c.n.h.c.p.n.NettyAsyncHttpProvider - Number of application's worked threads is 16
2012-10-31 09:15:05,110 [pool-8-thread-1] INFO  c.n.h.c.p.n.NettyAsyncHttpProvider - Number of application's worked threads is 16
2012-10-31 09:15:06,140 [pool-10-thread-1] INFO  c.n.h.c.p.n.NettyAsyncHttpProvider - Number of application's worked threads is 16
2012-10-31 09:15:08,140 [Worker-11] WARN  o.e.r.i.rcp.repo.ModelRepository - 'remote-models (http://download.eclipse.org/recommenders/models/juno/, releases+snapshots)' did not send ETAG header for 'jre:jre:pom:1.0.0'.
2012-10-31 09:43:06,747 [pool-12-thread-1] INFO  c.n.h.c.p.n.NettyAsyncHttpProvider - Number of application's worked threads is 16
2012-10-31 09:43:07,867 [pool-14-thread-1] INFO  c.n.h.c.p.n.NettyAsyncHttpProvider - Number of application's worked threads is 16
2012-10-31 09:43:08,877 [pool-16-thread-1] INFO  c.n.h.c.p.n.NettyAsyncHttpProvider - Number of application's worked threads is 16
2012-10-31 09:43:10,937 [Worker-15] WARN  o.e.r.i.rcp.repo.ModelRepository - 'remote-models (http://download.eclipse.org/recommenders/models/juno/, releases+snapshots)' did not send ETAG header for 'jre:jre:pom:1.0.0'.
2012-11-03 17:51:51,805 [main] INFO  c.n.h.c.p.n.NettyAsyncHttpProvider - Number of application's worked threads is 16
2012-11-03 17:51:53,904 [pool-6-thread-1] INFO  c.n.h.c.p.n.NettyAsyncHttpProvider - Number of application's worked threads is 16
2012-11-07 09:05:41,214 [main] INFO  c.n.h.c.p.n.NettyAsyncHttpProvider - Number of application's worked threads is 16
2012-11-07 09:05:42,431 [Worker-6] WARN  o.e.r.i.rcp.repo.ModelRepository - 'remote-models (http://download.eclipse.org/recommenders/models/juno/, releases+snapshots)' did not send ETAG header for 'org.eclipse.recommenders:index:zip:0.0.0'.
2012-11-07 09:05:42,541 [pool-6-thread-1] INFO  c.n.h.c.p.n.NettyAsyncHttpProvider - Number of application's worked threads is 16
2012-11-07 09:05:44,600 [Worker-6] WARN  o.e.r.i.rcp.repo.ModelRepository - 'remote-models (http://download.eclipse.org/recommenders/models/juno/, releases+snapshots)' did not send ETAG header for 'org.eclipse.recommenders:index:zip:0.0.0'.
2012-11-07 09:05:55,676 [pool-8-thread-1] INFO  c.n.h.c.p.n.NettyAsyncHttpProvider - Number of application's worked threads is 16
2012-11-07 09:05:56,690 [pool-10-thread-1] INFO  c.n.h.c.p.n.NettyAsyncHttpProvider - Number of application's worked threads is 16
2012-11-07 09:05:57,720 [pool-12-thread-1] INFO  c.n.h.c.p.n.NettyAsyncHttpProvider - Number of application's worked threads is 16
2012-11-07 09:05:59,904 [Worker-8] WARN  o.e.r.i.rcp.repo.ModelRepository - 'remote-models (http://download.eclipse.org/recommenders/models/juno/, releases+snapshots)' did not send ETAG header for 'jre:jre:pom:1.0.0'.
2012-11-07 10:52:59,369 [Worker-57] INFO  o.a.c.httpclient.HttpMethodDirector - I/O exception (java.net.ConnectException) caught when processing request: Connection refused: connect
2012-11-07 10:52:59,369 [Worker-57] INFO  o.a.c.httpclient.HttpMethodDirector - Retrying request
2012-11-07 10:53:00,508 [Worker-57] INFO  o.a.c.httpclient.HttpMethodDirector - I/O exception (java.net.ConnectException) caught when processing request: Connection refused: connect
2012-11-07 10:53:00,508 [Worker-57] INFO  o.a.c.httpclient.HttpMethodDirector - Retrying request
2012-11-07 10:53:01,553 [Worker-57] INFO  o.a.c.httpclient.HttpMethodDirector - I/O exception (java.net.ConnectException) caught when processing request: Connection refused: connect
2012-11-07 10:53:01,553 [Worker-57] INFO  o.a.c.httpclient.HttpMethodDirector - Retrying request
2012-11-07 10:53:03,846 [Worker-57] INFO  o.a.c.httpclient.HttpMethodDirector - I/O exception (java.net.ConnectException) caught when processing request: Connection refused: connect
2012-11-07 10:53:03,846 [Worker-57] INFO  o.a.c.httpclient.HttpMethodDirector - Retrying request
2012-11-07 10:53:04,891 [Worker-57] INFO  o.a.c.httpclient.HttpMethodDirector - I/O exception (java.net.ConnectException) caught when processing request: Connection refused: connect
2012-11-07 10:53:04,891 [Worker-57] INFO  o.a.c.httpclient.HttpMethodDirector - Retrying request
2012-11-07 10:53:05,921 [Worker-57] INFO  o.a.c.httpclient.HttpMethodDirector - I/O exception (java.net.ConnectException) caught when processing request: Connection refused: connect
2012-11-07 10:53:05,921 [Worker-57] INFO  o.a.c.httpclient.HttpMethodDirector - Retrying request
2012-11-07 10:53:07,996 [Worker-54] INFO  o.a.c.httpclient.HttpMethodDirector - I/O exception (java.net.ConnectException) caught when processing request: Connection refused: connect
2012-11-07 10:53:07,996 [Worker-54] INFO  o.a.c.httpclient.HttpMethodDirector - Retrying request
2012-11-07 10:53:09,025 [Worker-54] INFO  o.a.c.httpclient.HttpMethodDirector - I/O exception (java.net.ConnectException) caught when processing request: Connection refused: connect
2012-11-07 10:53:09,025 [Worker-54] INFO  o.a.c.httpclient.HttpMethodDirector - Retrying request
2012-11-07 10:53:10,055 [Worker-54] INFO  o.a.c.httpclient.HttpMethodDirector - I/O exception (java.net.ConnectException) caught when processing request: Connection refused: connect
2012-11-07 10:53:10,055 [Worker-54] INFO  o.a.c.httpclient.HttpMethodDirector - Retrying request
2012-11-07 10:53:12,130 [Worker-9] INFO  o.a.c.httpclient.HttpMethodDirector - I/O exception (java.net.ConnectException) caught when processing request: Connection refused: connect
2012-11-07 10:53:12,130 [Worker-9] INFO  o.a.c.httpclient.HttpMethodDirector - Retrying request
2012-11-07 10:53:13,191 [Worker-9] INFO  o.a.c.httpclient.HttpMethodDirector - I/O exception (java.net.ConnectException) caught when processing request: Connection refused: connect
2012-11-07 10:53:13,191 [Worker-9] INFO  o.a.c.httpclient.HttpMethodDirector - Retrying request
2012-11-07 10:53:14,205 [Worker-9] INFO  o.a.c.httpclient.HttpMethodDirector - I/O exception (java.net.ConnectException) caught when processing request: Connection refused: connect
2012-11-07 10:53:14,205 [Worker-9] INFO  o.a.c.httpclient.HttpMethodDirector - Retrying request
2012-11-07 10:53:14,688 [Worker-54] INFO  o.a.c.httpclient.HttpMethodDirector - I/O exception (java.net.ConnectException) caught when processing request: Connection refused: connect
2012-11-07 10:53:14,688 [Worker-54] INFO  o.a.c.httpclient.HttpMethodDirector - Retrying request
2012-11-07 10:53:15,733 [Worker-54] INFO  o.a.c.httpclient.HttpMethodDirector - I/O exception (java.net.ConnectException) caught when processing request: Connection refused: connect
2012-11-07 10:53:15,733 [Worker-54] INFO  o.a.c.httpclient.HttpMethodDirector - Retrying request
2012-11-07 10:53:16,264 [Worker-57] INFO  o.a.c.httpclient.HttpMethodDirector - I/O exception (java.net.ConnectException) caught when processing request: Connection refused: connect
2012-11-07 10:53:16,264 [Worker-57] INFO  o.a.c.httpclient.HttpMethodDirector - Retrying request
2012-11-07 10:53:16,763 [Worker-54] INFO  o.a.c.httpclient.HttpMethodDirector - I/O exception (java.net.ConnectException) caught when processing request: Connection refused: connect
2012-11-07 10:53:16,763 [Worker-54] INFO  o.a.c.httpclient.HttpMethodDirector - Retrying request
2012-11-07 10:53:17,293 [Worker-57] INFO  o.a.c.httpclient.HttpMethodDirector - I/O exception (java.net.ConnectException) caught when processing request: Connection refused: connect
2012-11-07 10:53:17,293 [Worker-57] INFO  o.a.c.httpclient.HttpMethodDirector - Retrying request
2012-11-07 10:53:18,339 [Worker-57] INFO  o.a.c.httpclient.HttpMethodDirector - I/O exception (java.net.ConnectException) caught when processing request: Connection refused: connect
2012-11-07 10:53:18,339 [Worker-57] INFO  o.a.c.httpclient.HttpMethodDirector - Retrying request
2012-11-07 10:53:19,041 [Worker-54] INFO  o.a.c.httpclient.HttpMethodDirector - I/O exception (java.net.ConnectException) caught when processing request: Connection refused: connect
2012-11-07 10:53:19,041 [Worker-54] INFO  o.a.c.httpclient.HttpMethodDirector - Retrying request
2012-11-07 10:53:20,070 [Worker-54] INFO  o.a.c.httpclient.HttpMethodDirector - I/O exception (java.net.ConnectException) caught when processing request: Connection refused: connect
2012-11-07 10:53:20,070 [Worker-54] INFO  o.a.c.httpclient.HttpMethodDirector - Retrying request
2012-11-07 10:53:20,601 [Worker-57] INFO  o.a.c.httpclient.HttpMethodDirector - I/O exception (java.net.ConnectException) caught when processing request: Connection refused: connect
2012-11-07 10:53:20,601 [Worker-57] INFO  o.a.c.httpclient.HttpMethodDirector - Retrying request
2012-11-07 10:53:21,100 [Worker-54] INFO  o.a.c.httpclient.HttpMethodDirector - I/O exception (java.net.ConnectException) caught when processing request: Connection refused: connect
2012-11-07 10:53:21,100 [Worker-54] INFO  o.a.c.httpclient.HttpMethodDirector - Retrying request
2012-11-07 10:53:21,630 [Worker-57] INFO  o.a.c.httpclient.HttpMethodDirector - I/O exception (java.net.ConnectException) caught when processing request: Connection refused: connect
2012-11-07 10:53:21,630 [Worker-57] INFO  o.a.c.httpclient.HttpMethodDirector - Retrying request
2012-11-07 10:53:22,644 [Worker-57] INFO  o.a.c.httpclient.HttpMethodDirector - I/O exception (java.net.ConnectException) caught when processing request: Connection refused: connect
2012-11-07 10:53:22,644 [Worker-57] INFO  o.a.c.httpclient.HttpMethodDirector - Retrying request
2012-11-07 10:53:23,143 [Worker-61] INFO  o.a.c.httpclient.HttpMethodDirector - I/O exception (java.net.ConnectException) caught when processing request: Connection refused: connect
2012-11-07 10:53:23,143 [Worker-61] INFO  o.a.c.httpclient.HttpMethodDirector - Retrying request
2012-11-07 10:53:24,173 [Worker-61] INFO  o.a.c.httpclient.HttpMethodDirector - I/O exception (java.net.ConnectException) caught when processing request: Connection refused: connect
2012-11-07 10:53:24,173 [Worker-61] INFO  o.a.c.httpclient.HttpMethodDirector - Retrying request
2012-11-07 10:53:24,652 [Worker-60] INFO  o.a.c.httpclient.HttpMethodDirector - I/O exception (java.net.ConnectException) caught when processing request: Connection refused: connect
2012-11-07 10:53:24,652 [Worker-60] INFO  o.a.c.httpclient.HttpMethodDirector - Retrying request
2012-11-07 10:53:25,151 [Worker-61] INFO  o.a.c.httpclient.HttpMethodDirector - I/O exception (java.net.ConnectException) caught when processing request: Connection refused: connect
2012-11-07 10:53:25,151 [Worker-61] INFO  o.a.c.httpclient.HttpMethodDirector - Retrying request
2012-11-07 10:53:25,707 [Worker-60] INFO  o.a.c.httpclient.HttpMethodDirector - I/O exception (java.net.ConnectException) caught when processing request: Connection refused: connect
2012-11-07 10:53:25,707 [Worker-60] INFO  o.a.c.httpclient.HttpMethodDirector - Retrying request
2012-11-07 10:53:26,737 [Worker-60] INFO  o.a.c.httpclient.HttpMethodDirector - I/O exception (java.net.ConnectException) caught when processing request: Connection refused: connect
2012-11-07 10:53:26,737 [Worker-60] INFO  o.a.c.httpclient.HttpMethodDirector - Retrying request
2012-11-07 10:53:27,221 [Worker-62] INFO  o.a.c.httpclient.HttpMethodDirector - I/O exception (java.net.ConnectException) caught when processing request: Connection refused: connect
2012-11-07 10:53:27,221 [Worker-62] INFO  o.a.c.httpclient.HttpMethodDirector - Retrying request
2012-11-07 10:53:28,250 [Worker-62] INFO  o.a.c.httpclient.HttpMethodDirector - I/O exception (java.net.ConnectException) caught when processing request: Connection refused: connect
2012-11-07 10:53:28,250 [Worker-62] INFO  o.a.c.httpclient.HttpMethodDirector - Retrying request
2012-11-07 10:53:28,827 [Worker-61] INFO  o.a.c.httpclient.HttpMethodDirector - I/O exception (java.net.ConnectException) caught when processing request: Connection refused: connect
2012-11-07 10:53:28,827 [Worker-61] INFO  o.a.c.httpclient.HttpMethodDirector - Retrying request
2012-11-07 10:53:29,295 [Worker-62] INFO  o.a.c.httpclient.HttpMethodDirector - I/O exception (java.net.ConnectException) caught when processing request: Connection refused: connect
2012-11-07 10:53:29,295 [Worker-62] INFO  o.a.c.httpclient.HttpMethodDirector - Retrying request
2012-11-07 10:53:29,888 [Worker-61] INFO  o.a.c.httpclient.HttpMethodDirector - I/O exception (java.net.ConnectException) caught when processing request: Connection refused: connect
2012-11-07 10:53:29,888 [Worker-61] INFO  o.a.c.httpclient.HttpMethodDirector - Retrying request
2012-11-07 10:53:30,933 [Worker-61] INFO  o.a.c.httpclient.HttpMethodDirector - I/O exception (java.net.ConnectException) caught when processing request: Connection refused: connect
2012-11-07 10:53:30,933 [Worker-61] INFO  o.a.c.httpclient.HttpMethodDirector - Retrying request
2012-11-07 10:53:31,386 [Worker-54] INFO  o.a.c.httpclient.HttpMethodDirector - I/O exception (java.net.ConnectException) caught when processing request: Connection refused: connect
2012-11-07 10:53:31,386 [Worker-54] INFO  o.a.c.httpclient.HttpMethodDirector - Retrying request
2012-11-07 10:53:32,415 [Worker-54] INFO  o.a.c.httpclient.HttpMethodDirector - I/O exception (java.net.ConnectException) caught when processing request: Connection refused: connect
2012-11-07 10:53:32,415 [Worker-54] INFO  o.a.c.httpclient.HttpMethodDirector - Retrying request
2012-11-07 10:53:33,008 [Worker-57] INFO  o.a.c.httpclient.HttpMethodDirector - I/O exception (java.net.ConnectException) caught when processing request: Connection refused: connect
2012-11-07 10:53:33,008 [Worker-57] INFO  o.a.c.httpclient.HttpMethodDirector - Retrying request
2012-11-07 10:53:33,445 [Worker-54] INFO  o.a.c.httpclient.HttpMethodDirector - I/O exception (java.net.ConnectException) caught when processing request: Connection refused: connect
2012-11-07 10:53:33,445 [Worker-54] INFO  o.a.c.httpclient.HttpMethodDirector - Retrying request
2012-11-07 10:53:34,038 [Worker-57] INFO  o.a.c.httpclient.HttpMethodDirector - I/O exception (java.net.ConnectException) caught when processing request: Connection refused: connect
2012-11-07 10:53:34,038 [Worker-57] INFO  o.a.c.httpclient.HttpMethodDirector - Retrying request
2012-11-07 10:53:35,083 [Worker-57] INFO  o.a.c.httpclient.HttpMethodDirector - I/O exception (java.net.ConnectException) caught when processing request: Connection refused: connect
2012-11-07 10:53:35,083 [Worker-57] INFO  o.a.c.httpclient.HttpMethodDirector - Retrying request
2012-11-07 10:53:35,723 [Worker-54] INFO  o.a.c.httpclient.HttpMethodDirector - I/O exception (java.net.ConnectException) caught when processing request: Connection refused: connect
2012-11-07 10:53:35,723 [Worker-54] INFO  o.a.c.httpclient.HttpMethodDirector - Retrying request
2012-11-07 10:53:36,752 [Worker-54] INFO  o.a.c.httpclient.HttpMethodDirector - I/O exception (java.net.ConnectException) caught when processing request: Connection refused: connect
2012-11-07 10:53:36,752 [Worker-54] INFO  o.a.c.httpclient.HttpMethodDirector - Retrying request
2012-11-07 10:53:37,345 [Worker-57] INFO  o.a.c.httpclient.HttpMethodDirector - I/O exception (java.net.ConnectException) caught when processing request: Connection refused: connect
2012-11-07 10:53:37,345 [Worker-57] INFO  o.a.c.httpclient.HttpMethodDirector - Retrying request
2012-11-07 10:53:37,782 [Worker-54] INFO  o.a.c.httpclient.HttpMethodDirector - I/O exception (java.net.ConnectException) caught when processing request: Connection refused: connect
2012-11-07 10:53:37,782 [Worker-54] INFO  o.a.c.httpclient.HttpMethodDirector - Retrying request
2012-11-07 10:53:38,390 [Worker-57] INFO  o.a.c.httpclient.HttpMethodDirector - I/O exception (java.net.ConnectException) caught when processing request: Connection refused: connect
2012-11-07 10:53:38,390 [Worker-57] INFO  o.a.c.httpclient.HttpMethodDirector - Retrying request
2012-11-07 10:53:39,420 [Worker-57] INFO  o.a.c.httpclient.HttpMethodDirector - I/O exception (java.net.ConnectException) caught when processing request: Connection refused: connect
2012-11-07 10:53:39,420 [Worker-57] INFO  o.a.c.httpclient.HttpMethodDirector - Retrying request
2012-11-07 10:53:39,825 [Worker-60] INFO  o.a.c.httpclient.HttpMethodDirector - I/O exception (java.net.ConnectException) caught when processing request: Connection refused: connect
2012-11-07 10:53:39,825 [Worker-60] INFO  o.a.c.httpclient.HttpMethodDirector - Retrying request
2012-11-07 10:53:40,855 [Worker-60] INFO  o.a.c.httpclient.HttpMethodDirector - I/O exception (java.net.ConnectException) caught when processing request: Connection refused: connect
2012-11-07 10:53:40,855 [Worker-60] INFO  o.a.c.httpclient.HttpMethodDirector - Retrying request
2012-11-07 10:53:41,479 [Worker-59] INFO  o.a.c.httpclient.HttpMethodDirector - I/O exception (java.net.ConnectException) caught when processing request: Connection refused: connect
2012-11-07 10:53:41,479 [Worker-59] INFO  o.a.c.httpclient.HttpMethodDirector - Retrying request
2012-11-07 10:53:41,900 [Worker-60] INFO  o.a.c.httpclient.HttpMethodDirector - I/O exception (java.net.ConnectException) caught when processing request: Connection refused: connect
2012-11-07 10:53:41,900 [Worker-60] INFO  o.a.c.httpclient.HttpMethodDirector - Retrying request
2012-11-07 10:53:42,524 [Worker-59] INFO  o.a.c.httpclient.HttpMethodDirector - I/O exception (java.net.ConnectException) caught when processing request: Connection refused: connect
2012-11-07 10:53:42,524 [Worker-59] INFO  o.a.c.httpclient.HttpMethodDirector - Retrying request
2012-11-07 10:53:43,554 [Worker-59] INFO  o.a.c.httpclient.HttpMethodDirector - I/O exception (java.net.ConnectException) caught when processing request: Connection refused: connect
2012-11-07 10:53:43,554 [Worker-59] INFO  o.a.c.httpclient.HttpMethodDirector - Retrying request
2012-11-07 10:53:43,959 [Worker-65] INFO  o.a.c.httpclient.HttpMethodDirector - I/O exception (java.net.ConnectException) caught when processing request: Connection refused: connect
2012-11-07 10:53:43,959 [Worker-65] INFO  o.a.c.httpclient.HttpMethodDirector - Retrying request
2012-11-07 10:53:45,005 [Worker-65] INFO  o.a.c.httpclient.HttpMethodDirector - I/O exception (java.net.ConnectException) caught when processing request: Connection refused: connect
2012-11-07 10:53:45,005 [Worker-65] INFO  o.a.c.httpclient.HttpMethodDirector - Retrying request
2012-11-07 10:53:45,629 [Worker-60] INFO  o.a.c.httpclient.HttpMethodDirector - I/O exception (java.net.ConnectException) caught when processing request: Connection refused: connect
2012-11-07 10:53:45,629 [Worker-60] INFO  o.a.c.httpclient.HttpMethodDirector - Retrying request
2012-11-07 10:53:46,050 [Worker-65] INFO  o.a.c.httpclient.HttpMethodDirector - I/O exception (java.net.ConnectException) caught when processing request: Connection refused: connect
2012-11-07 10:53:46,050 [Worker-65] INFO  o.a.c.httpclient.HttpMethodDirector - Retrying request
2012-11-07 10:53:46,674 [Worker-60] INFO  o.a.c.httpclient.HttpMethodDirector - I/O exception (java.net.ConnectException) caught when processing request: Connection refused: connect
2012-11-07 10:53:46,674 [Worker-60] INFO  o.a.c.httpclient.HttpMethodDirector - Retrying request
2012-11-07 10:53:47,703 [Worker-60] INFO  o.a.c.httpclient.HttpMethodDirector - I/O exception (java.net.ConnectException) caught when processing request: Connection refused: connect
2012-11-07 10:53:47,703 [Worker-60] INFO  o.a.c.httpclient.HttpMethodDirector - Retrying request
2012-11-07 10:54:35,182 [Worker-61] INFO  o.a.c.httpclient.HttpMethodDirector - I/O exception (java.net.ConnectException) caught when processing request: Connection refused: connect
2012-11-07 10:54:35,182 [Worker-61] INFO  o.a.c.httpclient.HttpMethodDirector - Retrying request
2012-11-07 10:54:36,212 [Worker-61] INFO  o.a.c.httpclient.HttpMethodDirector - I/O exception (java.net.ConnectException) caught when processing request: Connection refused: connect
2012-11-07 10:54:36,212 [Worker-61] INFO  o.a.c.httpclient.HttpMethodDirector - Retrying request
2012-11-07 10:54:37,241 [Worker-61] INFO  o.a.c.httpclient.HttpMethodDirector - I/O exception (java.net.ConnectException) caught when processing request: Connection refused: connect
2012-11-07 10:54:37,241 [Worker-61] INFO  o.a.c.httpclient.HttpMethodDirector - Retrying request
2012-11-07 10:54:39,534 [Worker-61] INFO  o.a.c.httpclient.HttpMethodDirector - I/O exception (java.net.ConnectException) caught when processing request: Connection refused: connect
2012-11-07 10:54:39,534 [Worker-61] INFO  o.a.c.httpclient.HttpMethodDirector - Retrying request
2012-11-07 10:54:40,580 [Worker-61] INFO  o.a.c.httpclient.HttpMethodDirector - I/O exception (java.net.ConnectException) caught when processing request: Connection refused: connect
2012-11-07 10:54:40,580 [Worker-61] INFO  o.a.c.httpclient.HttpMethodDirector - Retrying request
2012-11-07 10:54:41,609 [Worker-61] INFO  o.a.c.httpclient.HttpMethodDirector - I/O exception (java.net.ConnectException) caught when processing request: Connection refused: connect
2012-11-07 10:54:41,609 [Worker-61] INFO  o.a.c.httpclient.HttpMethodDirector - Retrying request
2012-11-07 10:54:43,700 [Worker-60] INFO  o.a.c.httpclient.HttpMethodDirector - I/O exception (java.net.ConnectException) caught when processing request: Connection refused: connect
2012-11-07 10:54:43,700 [Worker-60] INFO  o.a.c.httpclient.HttpMethodDirector - Retrying request
2012-11-07 10:54:44,745 [Worker-60] INFO  o.a.c.httpclient.HttpMethodDirector - I/O exception (java.net.ConnectException) caught when processing request: Connection refused: connect
2012-11-07 10:54:44,745 [Worker-60] INFO  o.a.c.httpclient.HttpMethodDirector - Retrying request
2012-11-07 10:54:45,790 [Worker-60] INFO  o.a.c.httpclient.HttpMethodDirector - I/O exception (java.net.ConnectException) caught when processing request: Connection refused: connect
2012-11-07 10:54:45,790 [Worker-60] INFO  o.a.c.httpclient.HttpMethodDirector - Retrying request
2012-11-07 10:54:47,841 [Worker-54] INFO  o.a.c.httpclient.HttpMethodDirector - I/O exception (java.net.ConnectException) caught when processing request: Connection refused: connect
2012-11-07 10:54:47,841 [Worker-54] INFO  o.a.c.httpclient.HttpMethodDirector - Retrying request
2012-11-07 10:54:48,870 [Worker-54] INFO  o.a.c.httpclient.HttpMethodDirector - I/O exception (java.net.ConnectException) caught when processing request: Connection refused: connect
2012-11-07 10:54:48,870 [Worker-54] INFO  o.a.c.httpclient.HttpMethodDirector - Retrying request
2012-11-07 10:54:49,916 [Worker-54] INFO  o.a.c.httpclient.HttpMethodDirector - I/O exception (java.net.ConnectException) caught when processing request: Connection refused: connect
2012-11-07 10:54:49,916 [Worker-54] INFO  o.a.c.httpclient.HttpMethodDirector - Retrying request
2012-11-07 10:54:51,990 [Worker-61] INFO  o.a.c.httpclient.HttpMethodDirector - I/O exception (java.net.ConnectException) caught when processing request: Connection refused: connect
2012-11-07 10:54:51,990 [Worker-61] INFO  o.a.c.httpclient.HttpMethodDirector - Retrying request
2012-11-07 10:54:53,020 [Worker-61] INFO  o.a.c.httpclient.HttpMethodDirector - I/O exception (java.net.ConnectException) caught when processing request: Connection refused: connect
2012-11-07 10:54:53,020 [Worker-61] INFO  o.a.c.httpclient.HttpMethodDirector - Retrying request
2012-11-07 10:54:54,022 [Worker-61] INFO  o.a.c.httpclient.HttpMethodDirector - I/O exception (java.net.ConnectException) caught when processing request: Connection refused: connect
2012-11-07 10:54:54,022 [Worker-61] INFO  o.a.c.httpclient.HttpMethodDirector - Retrying request
2012-11-07 10:54:56,316 [Worker-61] INFO  o.a.c.httpclient.HttpMethodDirector - I/O exception (java.net.ConnectException) caught when processing request: Connection refused: connect
2012-11-07 10:54:56,316 [Worker-61] INFO  o.a.c.httpclient.HttpMethodDirector - Retrying request
2012-11-07 10:54:57,346 [Worker-61] INFO  o.a.c.httpclient.HttpMethodDirector - I/O exception (java.net.ConnectException) caught when processing request: Connection refused: connect
2012-11-07 10:54:57,346 [Worker-61] INFO  o.a.c.httpclient.HttpMethodDirector - Retrying request
2012-11-07 10:54:58,391 [Worker-61] INFO  o.a.c.httpclient.HttpMethodDirector - I/O exception (java.net.ConnectException) caught when processing request: Connection refused: connect
2012-11-07 10:54:58,391 [Worker-61] INFO  o.a.c.httpclient.HttpMethodDirector - Retrying request
2012-11-07 10:55:00,466 [Worker-64] INFO  o.a.c.httpclient.HttpMethodDirector - I/O exception (java.net.ConnectException) caught when processing request: Connection refused: connect
2012-11-07 10:55:00,466 [Worker-64] INFO  o.a.c.httpclient.HttpMethodDirector - Retrying request
2012-11-07 10:55:01,511 [Worker-64] INFO  o.a.c.httpclient.HttpMethodDirector - I/O exception (java.net.ConnectException) caught when processing request: Connection refused: connect
2012-11-07 10:55:01,511 [Worker-64] INFO  o.a.c.httpclient.HttpMethodDirector - Retrying request
2012-11-07 10:55:02,541 [Worker-64] INFO  o.a.c.httpclient.HttpMethodDirector - I/O exception (java.net.ConnectException) caught when processing request: Connection refused: connect
2012-11-07 10:55:02,541 [Worker-64] INFO  o.a.c.httpclient.HttpMethodDirector - Retrying request
2012-11-07 10:55:04,631 [Worker-57] INFO  o.a.c.httpclient.HttpMethodDirector - I/O exception (java.net.ConnectException) caught when processing request: Connection refused: connect
2012-11-07 10:55:04,631 [Worker-57] INFO  o.a.c.httpclient.HttpMethodDirector - Retrying request
2012-11-07 10:55:05,661 [Worker-57] INFO  o.a.c.httpclient.HttpMethodDirector - I/O exception (java.net.ConnectException) caught when processing request: Connection refused: connect
2012-11-07 10:55:05,661 [Worker-57] INFO  o.a.c.httpclient.HttpMethodDirector - Retrying request
2012-11-07 10:55:06,690 [Worker-57] INFO  o.a.c.httpclient.HttpMethodDirector - I/O exception (java.net.ConnectException) caught when processing request: Connection refused: connect
2012-11-07 10:55:06,690 [Worker-57] INFO  o.a.c.httpclient.HttpMethodDirector - Retrying request
2012-11-07 10:55:08,781 [Worker-61] INFO  o.a.c.httpclient.HttpMethodDirector - I/O exception (java.net.ConnectException) caught when processing request: Connection refused: connect
2012-11-07 10:55:08,781 [Worker-61] INFO  o.a.c.httpclient.HttpMethodDirector - Retrying request
2012-11-07 10:55:09,826 [Worker-61] INFO  o.a.c.httpclient.HttpMethodDirector - I/O exception (java.net.ConnectException) caught when processing request: Connection refused: connect
2012-11-07 10:55:09,826 [Worker-61] INFO  o.a.c.httpclient.HttpMethodDirector - Retrying request
2012-11-07 10:55:10,856 [Worker-61] INFO  o.a.c.httpclient.HttpMethodDirector - I/O exception (java.net.ConnectException) caught when processing request: Connection refused: connect
2012-11-07 10:55:10,856 [Worker-61] INFO  o.a.c.httpclient.HttpMethodDirector - Retrying request
2012-11-07 10:55:13,133 [Worker-61] INFO  o.a.c.httpclient.HttpMethodDirector - I/O exception (java.net.ConnectException) caught when processing request: Connection refused: connect
2012-11-07 10:55:13,133 [Worker-61] INFO  o.a.c.httpclient.HttpMethodDirector - Retrying request
2012-11-07 10:55:14,147 [Worker-61] INFO  o.a.c.httpclient.HttpMethodDirector - I/O exception (java.net.ConnectException) caught when processing request: Connection refused: connect
2012-11-07 10:55:14,147 [Worker-61] INFO  o.a.c.httpclient.HttpMethodDirector - Retrying request
2012-11-07 10:55:15,192 [Worker-61] INFO  o.a.c.httpclient.HttpMethodDirector - I/O exception (java.net.ConnectException) caught when processing request: Connection refused: connect
2012-11-07 10:55:15,192 [Worker-61] INFO  o.a.c.httpclient.HttpMethodDirector - Retrying request
2012-11-07 10:55:17,231 [Worker-50] INFO  o.a.c.httpclient.HttpMethodDirector - I/O exception (java.net.ConnectException) caught when processing request: Connection refused: connect
2012-11-07 10:55:17,231 [Worker-50] INFO  o.a.c.httpclient.HttpMethodDirector - Retrying request
2012-11-07 10:55:18,256 [Worker-50] INFO  o.a.c.httpclient.HttpMethodDirector - I/O exception (java.net.ConnectException) caught when processing request: Connection refused: connect
2012-11-07 10:55:18,256 [Worker-50] INFO  o.a.c.httpclient.HttpMethodDirector - Retrying request
2012-11-07 10:55:19,319 [Worker-50] INFO  o.a.c.httpclient.HttpMethodDirector - I/O exception (java.net.ConnectException) caught when processing request: Connection refused: connect
2012-11-07 10:55:19,319 [Worker-50] INFO  o.a.c.httpclient.HttpMethodDirector - Retrying request
2012-11-07 10:55:21,597 [Worker-57] INFO  o.a.c.httpclient.HttpMethodDirector - I/O exception (java.net.ConnectException) caught when processing request: Connection refused: connect
2012-11-07 10:55:21,597 [Worker-57] INFO  o.a.c.httpclient.HttpMethodDirector - Retrying request
2012-11-07 10:55:22,658 [Worker-57] INFO  o.a.c.httpclient.HttpMethodDirector - I/O exception (java.net.ConnectException) caught when processing request: Connection refused: connect
2012-11-07 10:55:22,658 [Worker-57] INFO  o.a.c.httpclient.HttpMethodDirector - Retrying request
2012-11-07 10:55:23,703 [Worker-57] INFO  o.a.c.httpclient.HttpMethodDirector - I/O exception (java.net.ConnectException) caught when processing request: Connection refused: connect
2012-11-07 10:55:23,703 [Worker-57] INFO  o.a.c.httpclient.HttpMethodDirector - Retrying request
2012-11-07 10:55:25,778 [Worker-61] INFO  o.a.c.httpclient.HttpMethodDirector - I/O exception (java.net.ConnectException) caught when processing request: Connection refused: connect
2012-11-07 10:55:25,778 [Worker-61] INFO  o.a.c.httpclient.HttpMethodDirector - Retrying request
2012-11-07 10:55:26,823 [Worker-61] INFO  o.a.c.httpclient.HttpMethodDirector - I/O exception (java.net.ConnectException) caught when processing request: Connection refused: connect
2012-11-07 10:55:26,823 [Worker-61] INFO  o.a.c.httpclient.HttpMethodDirector - Retrying request
2012-11-07 10:55:27,868 [Worker-61] INFO  o.a.c.httpclient.HttpMethodDirector - I/O exception (java.net.ConnectException) caught when processing request: Connection refused: connect
2012-11-07 10:55:27,868 [Worker-61] INFO  o.a.c.httpclient.HttpMethodDirector - Retrying request
2012-11-07 10:55:30,146 [Worker-61] INFO  o.a.c.httpclient.HttpMethodDirector - I/O exception (java.net.ConnectException) caught when processing request: Connection refused: connect
2012-11-07 10:55:30,146 [Worker-61] INFO  o.a.c.httpclient.HttpMethodDirector - Retrying request
2012-11-07 10:55:31,191 [Worker-61] INFO  o.a.c.httpclient.HttpMethodDirector - I/O exception (java.net.ConnectException) caught when processing request: Connection refused: connect
2012-11-07 10:55:31,191 [Worker-61] INFO  o.a.c.httpclient.HttpMethodDirector - Retrying request
2012-11-07 10:55:32,220 [Worker-61] INFO  o.a.c.httpclient.HttpMethodDirector - I/O exception (java.net.ConnectException) caught when processing request: Connection refused: connect
2012-11-07 10:55:32,220 [Worker-61] INFO  o.a.c.httpclient.HttpMethodDirector - Retrying request
2012-11-07 10:55:34,295 [Worker-50] INFO  o.a.c.httpclient.HttpMethodDirector - I/O exception (java.net.ConnectException) caught when processing request: Connection refused: connect
2012-11-07 10:55:34,295 [Worker-50] INFO  o.a.c.httpclient.HttpMethodDirector - Retrying request
2012-11-07 10:55:35,325 [Worker-50] INFO  o.a.c.httpclient.HttpMethodDirector - I/O exception (java.net.ConnectException) caught when processing request: Connection refused: connect
2012-11-07 10:55:35,325 [Worker-50] INFO  o.a.c.httpclient.HttpMethodDirector - Retrying request
2012-11-07 10:55:36,401 [Worker-50] INFO  o.a.c.httpclient.HttpMethodDirector - I/O exception (java.net.ConnectException) caught when processing request: Connection refused: connect
2012-11-07 10:55:36,401 [Worker-50] INFO  o.a.c.httpclient.HttpMethodDirector - Retrying request
2012-11-07 10:55:38,538 [Worker-66] INFO  o.a.c.httpclient.HttpMethodDirector - I/O exception (java.net.ConnectException) caught when processing request: Connection refused: connect
2012-11-07 10:55:38,538 [Worker-66] INFO  o.a.c.httpclient.HttpMethodDirector - Retrying request
2012-11-07 10:55:39,568 [Worker-66] INFO  o.a.c.httpclient.HttpMethodDirector - I/O exception (java.net.ConnectException) caught when processing request: Connection refused: connect
2012-11-07 10:55:39,568 [Worker-66] INFO  o.a.c.httpclient.HttpMethodDirector - Retrying request
2012-11-07 10:55:40,613 [Worker-66] INFO  o.a.c.httpclient.HttpMethodDirector - I/O exception (java.net.ConnectException) caught when processing request: Connection refused: connect
2012-11-07 10:55:40,613 [Worker-66] INFO  o.a.c.httpclient.HttpMethodDirector - Retrying request
2012-11-07 10:55:42,719 [Worker-61] INFO  o.a.c.httpclient.HttpMethodDirector - I/O exception (java.net.ConnectException) caught when processing request: Connection refused: connect
2012-11-07 10:55:42,719 [Worker-61] INFO  o.a.c.httpclient.HttpMethodDirector - Retrying request
2012-11-07 10:55:43,725 [Worker-61] INFO  o.a.c.httpclient.HttpMethodDirector - I/O exception (java.net.ConnectException) caught when processing request: Connection refused: connect
2012-11-07 10:55:43,725 [Worker-61] INFO  o.a.c.httpclient.HttpMethodDirector - Retrying request
2012-11-07 10:55:44,767 [Worker-61] INFO  o.a.c.httpclient.HttpMethodDirector - I/O exception (java.net.ConnectException) caught when processing request: Connection refused: connect
2012-11-07 10:55:44,767 [Worker-61] INFO  o.a.c.httpclient.HttpMethodDirector - Retrying request
2012-11-07 10:55:47,082 [Worker-61] INFO  o.a.c.httpclient.HttpMethodDirector - I/O exception (java.net.ConnectException) caught when processing request: Connection refused: connect
2012-11-07 10:55:47,082 [Worker-61] INFO  o.a.c.httpclient.HttpMethodDirector - Retrying request
2012-11-07 10:55:48,112 [Worker-61] INFO  o.a.c.httpclient.HttpMethodDirector - I/O exception (java.net.ConnectException) caught when processing request: Connection refused: connect
2012-11-07 10:55:48,112 [Worker-61] INFO  o.a.c.httpclient.HttpMethodDirector - Retrying request
2012-11-07 10:55:49,157 [Worker-61] INFO  o.a.c.httpclient.HttpMethodDirector - I/O exception (java.net.ConnectException) caught when processing request: Connection refused: connect
2012-11-07 10:55:49,157 [Worker-61] INFO  o.a.c.httpclient.HttpMethodDirector - Retrying request
2012-11-07 10:55:51,232 [Worker-54] INFO  o.a.c.httpclient.HttpMethodDirector - I/O exception (java.net.ConnectException) caught when processing request: Connection refused: connect
2012-11-07 10:55:51,232 [Worker-54] INFO  o.a.c.httpclient.HttpMethodDirector - Retrying request
2012-11-07 10:55:52,277 [Worker-54] INFO  o.a.c.httpclient.HttpMethodDirector - I/O exception (java.net.ConnectException) caught when processing request: Connection refused: connect
2012-11-07 10:55:52,277 [Worker-54] INFO  o.a.c.httpclient.HttpMethodDirector - Retrying request
2012-11-07 10:55:53,291 [Worker-54] INFO  o.a.c.httpclient.HttpMethodDirector - I/O exception (java.net.ConnectException) caught when processing request: Connection refused: connect
2012-11-07 10:55:53,291 [Worker-54] INFO  o.a.c.httpclient.HttpMethodDirector - Retrying request
2012-11-07 10:55:55,366 [Worker-50] INFO  o.a.c.httpclient.HttpMethodDirector - I/O exception (java.net.ConnectException) caught when processing request: Connection refused: connect
2012-11-07 10:55:55,366 [Worker-50] INFO  o.a.c.httpclient.HttpMethodDirector - Retrying request
2012-11-07 10:55:56,380 [Worker-50] INFO  o.a.c.httpclient.HttpMethodDirector - I/O exception (java.net.ConnectException) caught when processing request: Connection refused: connect
2012-11-07 10:55:56,380 [Worker-50] INFO  o.a.c.httpclient.HttpMethodDirector - Retrying request
2012-11-07 10:55:57,425 [Worker-50] INFO  o.a.c.httpclient.HttpMethodDirector - I/O exception (java.net.ConnectException) caught when processing request: Connection refused: connect
2012-11-07 10:55:57,425 [Worker-50] INFO  o.a.c.httpclient.HttpMethodDirector - Retrying request
2012-11-07 10:55:59,500 [Worker-61] INFO  o.a.c.httpclient.HttpMethodDirector - I/O exception (java.net.ConnectException) caught when processing request: Connection refused: connect
2012-11-07 10:55:59,500 [Worker-61] INFO  o.a.c.httpclient.HttpMethodDirector - Retrying request
2012-11-07 10:56:00,545 [Worker-61] INFO  o.a.c.httpclient.HttpMethodDirector - I/O exception (java.net.ConnectException) caught when processing request: Connection refused: connect
2012-11-07 10:56:00,545 [Worker-61] INFO  o.a.c.httpclient.HttpMethodDirector - Retrying request
2012-11-07 10:56:01,590 [Worker-61] INFO  o.a.c.httpclient.HttpMethodDirector - I/O exception (java.net.ConnectException) caught when processing request: Connection refused: connect
2012-11-07 10:56:01,590 [Worker-61] INFO  o.a.c.httpclient.HttpMethodDirector - Retrying request
2012-11-07 10:56:03,868 [Worker-61] INFO  o.a.c.httpclient.HttpMethodDirector - I/O exception (java.net.ConnectException) caught when processing request: Connection refused: connect
2012-11-07 10:56:03,868 [Worker-61] INFO  o.a.c.httpclient.HttpMethodDirector - Retrying request
2012-11-07 10:56:04,928 [Worker-61] INFO  o.a.c.httpclient.HttpMethodDirector - I/O exception (java.net.ConnectException) caught when processing request: Connection refused: connect
2012-11-07 10:56:04,928 [Worker-61] INFO  o.a.c.httpclient.HttpMethodDirector - Retrying request
2012-11-07 10:56:05,958 [Worker-61] INFO  o.a.c.httpclient.HttpMethodDirector - I/O exception (java.net.ConnectException) caught when processing request: Connection refused: connect
2012-11-07 10:56:05,958 [Worker-61] INFO  o.a.c.httpclient.HttpMethodDirector - Retrying request
2012-11-07 10:56:08,017 [Worker-66] INFO  o.a.c.httpclient.HttpMethodDirector - I/O exception (java.net.ConnectException) caught when processing request: Connection refused: connect
2012-11-07 10:56:08,017 [Worker-66] INFO  o.a.c.httpclient.HttpMethodDirector - Retrying request
2012-11-07 10:56:09,003 [Worker-66] INFO  o.a.c.httpclient.HttpMethodDirector - I/O exception (java.net.ConnectException) caught when processing request: Connection refused: connect
2012-11-07 10:56:09,003 [Worker-66] INFO  o.a.c.httpclient.HttpMethodDirector - Retrying request
2012-11-07 10:56:10,031 [Worker-66] INFO  o.a.c.httpclient.HttpMethodDirector - I/O exception (java.net.ConnectException) caught when processing request: Connection refused: connect
2012-11-07 10:56:10,031 [Worker-66] INFO  o.a.c.httpclient.HttpMethodDirector - Retrying request
2012-11-07 10:56:12,110 [Worker-68] INFO  o.a.c.httpclient.HttpMethodDirector - I/O exception (java.net.ConnectException) caught when processing request: Connection refused: connect
2012-11-07 10:56:12,110 [Worker-68] INFO  o.a.c.httpclient.HttpMethodDirector - Retrying request
2012-11-07 10:56:13,171 [Worker-68] INFO  o.a.c.httpclient.HttpMethodDirector - I/O exception (java.net.ConnectException) caught when processing request: Connection refused: connect
2012-11-07 10:56:13,171 [Worker-68] INFO  o.a.c.httpclient.HttpMethodDirector - Retrying request
2012-11-07 10:56:14,200 [Worker-68] INFO  o.a.c.httpclient.HttpMethodDirector - I/O exception (java.net.ConnectException) caught when processing request: Connection refused: connect
2012-11-07 10:56:14,200 [Worker-68] INFO  o.a.c.httpclient.HttpMethodDirector - Retrying request
2012-11-07 10:56:16,447 [Worker-61] INFO  o.a.c.httpclient.HttpMethodDirector - I/O exception (java.net.ConnectException) caught when processing request: Connection refused: connect
2012-11-07 10:56:16,447 [Worker-61] INFO  o.a.c.httpclient.HttpMethodDirector - Retrying request
2012-11-07 10:56:17,461 [Worker-61] INFO  o.a.c.httpclient.HttpMethodDirector - I/O exception (java.net.ConnectException) caught when processing request: Connection refused: connect
2012-11-07 10:56:17,461 [Worker-61] INFO  o.a.c.httpclient.HttpMethodDirector - Retrying request
2012-11-07 10:56:18,490 [Worker-61] INFO  o.a.c.httpclient.HttpMethodDirector - I/O exception (java.net.ConnectException) caught when processing request: Connection refused: connect
2012-11-07 10:56:18,490 [Worker-61] INFO  o.a.c.httpclient.HttpMethodDirector - Retrying request
2012-11-07 10:56:20,768 [Worker-61] INFO  o.a.c.httpclient.HttpMethodDirector - I/O exception (java.net.ConnectException) caught when processing request: Connection refused: connect
2012-11-07 10:56:20,768 [Worker-61] INFO  o.a.c.httpclient.HttpMethodDirector - Retrying request
2012-11-07 10:56:21,798 [Worker-61] INFO  o.a.c.httpclient.HttpMethodDirector - I/O exception (java.net.ConnectException) caught when processing request: Connection refused: connect
2012-11-07 10:56:21,798 [Worker-61] INFO  o.a.c.httpclient.HttpMethodDirector - Retrying request
2012-11-07 10:56:22,874 [Worker-61] INFO  o.a.c.httpclient.HttpMethodDirector - I/O exception (java.net.ConnectException) caught when processing request: Connection refused: connect
2012-11-07 10:56:22,874 [Worker-61] INFO  o.a.c.httpclient.HttpMethodDirector - Retrying request
2012-11-07 10:56:24,949 [Worker-69] INFO  o.a.c.httpclient.HttpMethodDirector - I/O exception (java.net.ConnectException) caught when processing request: Connection refused: connect
2012-11-07 10:56:24,949 [Worker-69] INFO  o.a.c.httpclient.HttpMethodDirector - Retrying request
2012-11-07 10:56:25,978 [Worker-69] INFO  o.a.c.httpclient.HttpMethodDirector - I/O exception (java.net.ConnectException) caught when processing request: Connection refused: connect
2012-11-07 10:56:25,978 [Worker-69] INFO  o.a.c.httpclient.HttpMethodDirector - Retrying request
2012-11-07 10:56:27,008 [Worker-69] INFO  o.a.c.httpclient.HttpMethodDirector - I/O exception (java.net.ConnectException) caught when processing request: Connection refused: connect
2012-11-07 10:56:27,008 [Worker-69] INFO  o.a.c.httpclient.HttpMethodDirector - Retrying request
2012-11-07 10:56:29,098 [Worker-68] INFO  o.a.c.httpclient.HttpMethodDirector - I/O exception (java.net.ConnectException) caught when processing request: Connection refused: connect
2012-11-07 10:56:29,098 [Worker-68] INFO  o.a.c.httpclient.HttpMethodDirector - Retrying request
2012-11-07 10:56:30,128 [Worker-68] INFO  o.a.c.httpclient.HttpMethodDirector - I/O exception (java.net.ConnectException) caught when processing request: Connection refused: connect
2012-11-07 10:56:30,128 [Worker-68] INFO  o.a.c.httpclient.HttpMethodDirector - Retrying request
2012-11-07 10:56:31,189 [Worker-68] INFO  o.a.c.httpclient.HttpMethodDirector - I/O exception (java.net.ConnectException) caught when processing request: Connection refused: connect
2012-11-07 10:56:31,189 [Worker-68] INFO  o.a.c.httpclient.HttpMethodDirector - Retrying request
2012-11-07 10:56:33,357 [Worker-61] INFO  o.a.c.httpclient.HttpMethodDirector - I/O exception (java.net.ConnectException) caught when processing request: Connection refused: connect
2012-11-07 10:56:33,357 [Worker-61] INFO  o.a.c.httpclient.HttpMethodDirector - Retrying request
2012-11-07 10:56:34,387 [Worker-61] INFO  o.a.c.httpclient.HttpMethodDirector - I/O exception (java.net.ConnectException) caught when processing request: Connection refused: connect
2012-11-07 10:56:34,387 [Worker-61] INFO  o.a.c.httpclient.HttpMethodDirector - Retrying request
2012-11-07 10:56:35,416 [Worker-61] INFO  o.a.c.httpclient.HttpMethodDirector - I/O exception (java.net.ConnectException) caught when processing request: Connection refused: connect
2012-11-07 10:56:35,416 [Worker-61] INFO  o.a.c.httpclient.HttpMethodDirector - Retrying request
2012-11-07 10:56:37,631 [Worker-61] INFO  o.a.c.httpclient.HttpMethodDirector - I/O exception (java.net.ConnectException) caught when processing request: Connection refused: connect
2012-11-07 10:56:37,631 [Worker-61] INFO  o.a.c.httpclient.HttpMethodDirector - Retrying request
2012-11-07 10:56:38,676 [Worker-61] INFO  o.a.c.httpclient.HttpMethodDirector - I/O exception (java.net.ConnectException) caught when processing request: Connection refused: connect
2012-11-07 10:56:38,676 [Worker-61] INFO  o.a.c.httpclient.HttpMethodDirector - Retrying request
2012-11-07 10:56:39,721 [Worker-61] INFO  o.a.c.httpclient.HttpMethodDirector - I/O exception (java.net.ConnectException) caught when processing request: Connection refused: connect
2012-11-07 10:56:39,721 [Worker-61] INFO  o.a.c.httpclient.HttpMethodDirector - Retrying request
2012-11-07 10:56:41,812 [Worker-69] INFO  o.a.c.httpclient.HttpMethodDirector - I/O exception (java.net.ConnectException) caught when processing request: Connection refused: connect
2012-11-07 10:56:41,812 [Worker-69] INFO  o.a.c.httpclient.HttpMethodDirector - Retrying request
2012-11-07 10:56:42,857 [Worker-69] INFO  o.a.c.httpclient.HttpMethodDirector - I/O exception (java.net.ConnectException) caught when processing request: Connection refused: connect
2012-11-07 10:56:42,857 [Worker-69] INFO  o.a.c.httpclient.HttpMethodDirector - Retrying request
2012-11-07 10:56:43,902 [Worker-69] INFO  o.a.c.httpclient.HttpMethodDirector - I/O exception (java.net.ConnectException) caught when processing request: Connection refused: connect
2012-11-07 10:56:43,902 [Worker-69] INFO  o.a.c.httpclient.HttpMethodDirector - Retrying request
2012-11-07 10:56:45,977 [Worker-68] INFO  o.a.c.httpclient.HttpMethodDirector - I/O exception (java.net.ConnectException) caught when processing request: Connection refused: connect
2012-11-07 10:56:45,977 [Worker-68] INFO  o.a.c.httpclient.HttpMethodDirector - Retrying request
2012-11-07 10:56:47,007 [Worker-68] INFO  o.a.c.httpclient.HttpMethodDirector - I/O exception (java.net.ConnectException) caught when processing request: Connection refused: connect
2012-11-07 10:56:47,007 [Worker-68] INFO  o.a.c.httpclient.HttpMethodDirector - Retrying request
2012-11-07 10:56:48,052 [Worker-68] INFO  o.a.c.httpclient.HttpMethodDirector - I/O exception (java.net.ConnectException) caught when processing request: Connection refused: connect
2012-11-07 10:56:48,052 [Worker-68] INFO  o.a.c.httpclient.HttpMethodDirector - Retrying request
2012-11-07 11:12:44,345 [pool-15-thread-1] INFO  c.n.h.c.p.n.NettyAsyncHttpProvider - Number of application's worked threads is 16
2012-11-07 11:12:45,375 [pool-17-thread-1] INFO  c.n.h.c.p.n.NettyAsyncHttpProvider - Number of application's worked threads is 16
2012-11-07 11:12:46,404 [pool-19-thread-1] INFO  c.n.h.c.p.n.NettyAsyncHttpProvider - Number of application's worked threads is 16
2012-11-07 11:12:48,479 [Worker-72] WARN  o.e.r.i.rcp.repo.ModelRepository - 'remote-models (http://download.eclipse.org/recommenders/models/juno/, releases+snapshots)' did not send ETAG header for 'jre:jre:pom:1.0.0'.
2012-11-14 00:56:43,553 [main] INFO  c.n.h.c.p.n.NettyAsyncHttpProvider - Number of application's worked threads is 16
2012-11-14 00:56:45,104 [pool-6-thread-1] INFO  c.n.h.c.p.n.NettyAsyncHttpProvider - Number of application's worked threads is 16
2012-11-14 09:23:56,545 [main] INFO  c.n.h.c.p.n.NettyAsyncHttpProvider - Number of application's worked threads is 16
2012-11-14 09:23:58,776 [Worker-6] WARN  o.e.r.i.rcp.repo.ModelRepository - 'remote-models (http://download.eclipse.org/recommenders/models/juno/, releases+snapshots)' did not send ETAG header for 'org.eclipse.recommenders:index:zip:0.0.0'.
2012-11-14 09:23:59,088 [pool-6-thread-1] INFO  c.n.h.c.p.n.NettyAsyncHttpProvider - Number of application's worked threads is 16
2012-11-14 09:23:59,229 [pool-8-thread-1] INFO  c.n.h.c.p.n.NettyAsyncHttpProvider - Number of application's worked threads is 16
2012-11-14 09:24:00,196 [pool-10-thread-1] INFO  c.n.h.c.p.n.NettyAsyncHttpProvider - Number of application's worked threads is 16
2012-11-14 09:24:01,288 [Worker-6] WARN  o.e.r.i.rcp.repo.ModelRepository - 'remote-models (http://download.eclipse.org/recommenders/models/juno/, releases+snapshots)' did not send ETAG header for 'org.eclipse.recommenders:index:zip:0.0.0'.
2012-11-14 09:24:01,288 [pool-12-thread-1] INFO  c.n.h.c.p.n.NettyAsyncHttpProvider - Number of application's worked threads is 16
2012-11-14 09:24:03,363 [Worker-11] WARN  o.e.r.i.rcp.repo.ModelRepository - 'remote-models (http://download.eclipse.org/recommenders/models/juno/, releases+snapshots)' did not send ETAG header for 'jre:jre:pom:1.0.0'.
2012-11-14 10:42:33,636 [pool-14-thread-1] INFO  c.n.h.c.p.n.NettyAsyncHttpProvider - Number of application's worked threads is 16
2012-11-14 10:42:34,666 [pool-16-thread-1] INFO  c.n.h.c.p.n.NettyAsyncHttpProvider - Number of application's worked threads is 16
2012-11-14 10:42:35,680 [pool-18-thread-1] INFO  c.n.h.c.p.n.NettyAsyncHttpProvider - Number of application's worked threads is 16
2012-11-14 10:42:37,739 [Worker-39] WARN  o.e.r.i.rcp.repo.ModelRepository - 'remote-models (http://download.eclipse.org/recommenders/models/juno/, releases+snapshots)' did not send ETAG header for 'jre:jre:pom:1.0.0'.
2012-11-28 11:01:10,343 [main] INFO  c.n.h.c.p.n.NettyAsyncHttpProvider - Number of application's worked threads is 16
2012-11-28 11:01:11,963 [Worker-2] WARN  o.e.r.i.rcp.repo.ModelRepository - 'remote-models (http://download.eclipse.org/recommenders/models/juno/, releases+snapshots)' did not send ETAG header for 'org.eclipse.recommenders:index:zip:0.0.0'.
2012-11-28 11:06:59,792 [pool-6-thread-1] INFO  c.n.h.c.p.n.NettyAsyncHttpProvider - Number of application's worked threads is 16
2012-11-28 11:07:00,882 [pool-8-thread-1] INFO  c.n.h.c.p.n.NettyAsyncHttpProvider - Number of application's worked threads is 16
2012-11-28 11:07:01,942 [pool-10-thread-1] INFO  c.n.h.c.p.n.NettyAsyncHttpProvider - Number of application's worked threads is 16
2012-11-28 11:07:03,962 [Worker-6] WARN  o.e.r.i.rcp.repo.ModelRepository - 'remote-models (http://download.eclipse.org/recommenders/models/juno/, releases+snapshots)' did not send ETAG header for 'jre:jre:pom:1.0.0'.
2012-12-05 09:12:26,594 [main] INFO  c.n.h.c.p.n.NettyAsyncHttpProvider - Number of application's worked threads is 16
2012-12-05 09:12:27,854 [Worker-12] WARN  o.e.r.i.rcp.repo.ModelRepository - 'remote-models (http://download.eclipse.org/recommenders/models/juno/, releases+snapshots)' did not send ETAG header for 'org.eclipse.recommenders:index:zip:0.0.0'.
2012-12-05 09:14:31,500 [pool-6-thread-1] INFO  c.n.h.c.p.n.NettyAsyncHttpProvider - Number of application's worked threads is 16
2012-12-05 09:14:32,521 [pool-8-thread-1] INFO  c.n.h.c.p.n.NettyAsyncHttpProvider - Number of application's worked threads is 16
2012-12-05 09:14:33,551 [pool-10-thread-1] INFO  c.n.h.c.p.n.NettyAsyncHttpProvider - Number of application's worked threads is 16
2012-12-05 09:14:35,562 [Worker-4] WARN  o.e.r.i.rcp.repo.ModelRepository - 'remote-models (http://download.eclipse.org/recommenders/models/juno/, releases+snapshots)' did not send ETAG header for 'jre:jre:pom:1.0.0'.
2012-12-05 09:43:49,381 [pool-12-thread-1] INFO  c.n.h.c.p.n.NettyAsyncHttpProvider - Number of application's worked threads is 16
2012-12-05 09:43:50,391 [pool-14-thread-1] INFO  c.n.h.c.p.n.NettyAsyncHttpProvider - Number of application's worked threads is 16
2012-12-05 09:43:51,401 [pool-16-thread-1] INFO  c.n.h.c.p.n.NettyAsyncHttpProvider - Number of application's worked threads is 16
2012-12-05 09:43:53,422 [Worker-13] WARN  o.e.r.i.rcp.repo.ModelRepository - 'remote-models (http://download.eclipse.org/recommenders/models/juno/, releases+snapshots)' did not send ETAG header for 'jre:jre:pom:1.0.0'.
2012-12-11 17:46:21,934 [main] INFO  c.n.h.c.p.n.NettyAsyncHttpProvider - Number of application's worked threads is 16
2012-12-11 17:46:22,919 [pool-6-thread-1] INFO  c.n.h.c.p.n.NettyAsyncHttpProvider - Number of application's worked threads is 16
2012-12-11 17:51:05,041 [pool-8-thread-1] INFO  c.n.h.c.p.n.NettyAsyncHttpProvider - Number of application's worked threads is 16
2012-12-11 17:51:11,860 [pool-10-thread-1] INFO  c.n.h.c.p.n.NettyAsyncHttpProvider - Number of application's worked threads is 16
2012-12-11 17:51:12,943 [pool-12-thread-1] INFO  c.n.h.c.p.n.NettyAsyncHttpProvider - Number of application's worked threads is 16
2012-12-12 09:03:22,093 [main] INFO  c.n.h.c.p.n.NettyAsyncHttpProvider - Number of application's worked threads is 16
2012-12-12 09:03:23,443 [Worker-10] WARN  o.e.r.i.rcp.repo.ModelRepository - 'remote-models (http://download.eclipse.org/recommenders/models/juno/, releases+snapshots)' did not send ETAG header for 'org.eclipse.recommenders:index:zip:0.0.0'.
2012-12-12 09:03:23,573 [pool-6-thread-1] INFO  c.n.h.c.p.n.NettyAsyncHttpProvider - Number of application's worked threads is 16
2012-12-12 09:03:25,594 [Worker-10] WARN  o.e.r.i.rcp.repo.ModelRepository - 'remote-models (http://download.eclipse.org/recommenders/models/juno/, releases+snapshots)' did not send ETAG header for 'org.eclipse.recommenders:index:zip:0.0.0'.
2012-12-12 13:27:07,887 [main] INFO  c.n.h.c.p.n.NettyAsyncHttpProvider - Number of application's worked threads is 8
2012-12-12 13:27:09,213 [Worker-6] WARN  o.e.r.i.rcp.repo.ModelRepository - 'remote-models (http://download.eclipse.org/recommenders/models/juno/, releases+snapshots)' did not send ETAG header for 'org.eclipse.recommenders:index:zip:0.0.0'.
2012-12-12 14:21:42,205 [pool-6-thread-1] INFO  c.n.h.c.p.n.NettyAsyncHttpProvider - Number of application's worked threads is 8
2012-12-12 14:21:44,295 [Worker-33] WARN  o.e.r.i.rcp.repo.ModelRepository - 'remote-models (http://download.eclipse.org/recommenders/models/juno/, releases+snapshots)' did not send ETAG header for 'jre:jre:zip:ovrm:1.0.0'.
2012-12-12 14:21:44,373 [pool-8-thread-1] INFO  c.n.h.c.p.n.NettyAsyncHttpProvider - Number of application's worked threads is 8
2012-12-12 14:21:46,415 [Worker-33] WARN  o.e.r.i.rcp.repo.ModelRepository - 'remote-models (http://download.eclipse.org/recommenders/models/juno/, releases+snapshots)' did not send ETAG header for 'jre:jre:zip:ovrm:1.0.0'.
2012-12-19 09:15:55,149 [main] INFO  c.n.h.c.p.n.NettyAsyncHttpProvider - Number of application's worked threads is 8
2012-12-19 09:15:56,448 [Worker-16] WARN  o.e.r.i.rcp.repo.ModelRepository - 'remote-models (http://download.eclipse.org/recommenders/models/juno/, releases+snapshots)' did not send ETAG header for 'org.eclipse.recommenders:index:zip:0.0.0'.
2012-12-19 10:41:45,590 [pool-6-thread-1] INFO  c.n.h.c.p.n.NettyAsyncHttpProvider - Number of application's worked threads is 8
2012-12-19 10:41:47,659 [Worker-27] WARN  o.e.r.i.rcp.repo.ModelRepository - 'remote-models (http://download.eclipse.org/recommenders/models/juno/, releases+snapshots)' did not send ETAG header for 'jre:jre:zip:ovrm:1.0.0'.
2012-12-19 10:41:47,749 [pool-8-thread-1] INFO  c.n.h.c.p.n.NettyAsyncHttpProvider - Number of application's worked threads is 8
2012-12-19 10:41:49,770 [Worker-27] WARN  o.e.r.i.rcp.repo.ModelRepository - 'remote-models (http://download.eclipse.org/recommenders/models/juno/, releases+snapshots)' did not send ETAG header for 'jre:jre:zip:ovrm:1.0.0'.
2013-01-07 17:51:15,395 [main] INFO  c.n.h.c.p.n.NettyAsyncHttpProvider - Number of application's worked threads is 16
2013-01-07 17:51:16,564 [pool-6-thread-1] INFO  c.n.h.c.p.n.NettyAsyncHttpProvider - Number of application's worked threads is 16
2013-01-07 17:51:21,329 [pool-8-thread-1] INFO  c.n.h.c.p.n.NettyAsyncHttpProvider - Number of application's worked threads is 16
2013-01-07 17:51:24,412 [pool-10-thread-1] INFO  c.n.h.c.p.n.NettyAsyncHttpProvider - Number of application's worked threads is 16
2013-01-08 07:48:26,418 [main] INFO  c.n.h.c.p.n.NettyAsyncHttpProvider - Number of application's worked threads is 16
2013-01-08 07:48:27,878 [Worker-7] WARN  o.e.r.i.rcp.repo.ModelRepository - 'remote-models (http://download.eclipse.org/recommenders/models/juno/, releases+snapshots)' did not send ETAG header for 'org.eclipse.recommenders:index:zip:0.0.0'.
2013-01-08 07:48:28,172 [pool-6-thread-1] INFO  c.n.h.c.p.n.NettyAsyncHttpProvider - Number of application's worked threads is 16
2013-01-08 07:48:30,352 [Worker-7] WARN  o.e.r.i.rcp.repo.ModelRepository - 'remote-models (http://download.eclipse.org/recommenders/models/juno/, releases+snapshots)' did not send ETAG header for 'org.eclipse.recommenders:index:zip:0.0.0'.
2013-01-09 07:49:21,083 [main] INFO  c.n.h.c.p.n.NettyAsyncHttpProvider - Number of application's worked threads is 16
2013-01-09 07:49:23,643 [Worker-1] WARN  o.e.r.i.rcp.repo.ModelRepository - 'remote-models (http://download.eclipse.org/recommenders/models/juno/, releases+snapshots)' did not send ETAG header for 'org.eclipse.recommenders:index:zip:0.0.0'.
2013-01-09 09:05:49,978 [main] INFO  c.n.h.c.p.n.NettyAsyncHttpProvider - Number of application's worked threads is 16
2013-01-09 09:05:51,159 [Worker-6] WARN  o.e.r.i.rcp.repo.ModelRepository - 'remote-models (http://download.eclipse.org/recommenders/models/juno/, releases+snapshots)' did not send ETAG header for 'org.eclipse.recommenders:index:zip:0.0.0'.
2013-01-13 20:10:44,586 [main] INFO  c.n.h.c.p.n.NettyAsyncHttpProvider - Number of application's worked threads is 4
2013-01-13 20:10:45,926 [pool-6-thread-1] INFO  c.n.h.c.p.n.NettyAsyncHttpProvider - Number of application's worked threads is 4
2013-01-16 09:19:08,140 [main] INFO  c.n.h.c.p.n.NettyAsyncHttpProvider - Number of application's worked threads is 4
2013-01-16 09:19:09,350 [Worker-6] WARN  o.e.r.i.rcp.repo.ModelRepository - 'remote-models (http://download.eclipse.org/recommenders/models/juno/, releases+snapshots)' did not send ETAG header for 'org.eclipse.recommenders:index:zip:0.0.0'.
2013-01-16 09:19:09,580 [pool-6-thread-1] INFO  c.n.h.c.p.n.NettyAsyncHttpProvider - Number of application's worked threads is 4
2013-01-16 09:19:11,650 [Worker-6] WARN  o.e.r.i.rcp.repo.ModelRepository - 'remote-models (http://download.eclipse.org/recommenders/models/juno/, releases+snapshots)' did not send ETAG header for 'org.eclipse.recommenders:index:zip:0.0.0'.
2013-01-17 20:00:35,029 [main] INFO  c.n.h.c.p.n.NettyAsyncHttpProvider - Number of application's worked threads is 4
2013-01-17 20:00:37,619 [pool-6-thread-1] INFO  c.n.h.c.p.n.NettyAsyncHttpProvider - Number of application's worked threads is 4
2013-01-23 09:11:20,856 [main] INFO  c.n.h.c.p.n.NettyAsyncHttpProvider - Number of application's worked threads is 4
2013-01-23 09:11:22,878 [Worker-6] WARN  o.e.r.i.rcp.repo.ModelRepository - 'remote-models (http://download.eclipse.org/recommenders/models/juno/, releases+snapshots)' did not send ETAG header for 'org.eclipse.recommenders:index:zip:0.0.0'.
2013-01-23 09:11:23,478 [pool-6-thread-1] INFO  c.n.h.c.p.n.NettyAsyncHttpProvider - Number of application's worked threads is 4
2013-01-23 09:11:25,575 [Worker-6] WARN  o.e.r.i.rcp.repo.ModelRepository - 'remote-models (http://download.eclipse.org/recommenders/models/juno/, releases+snapshots)' did not send ETAG header for 'org.eclipse.recommenders:index:zip:0.0.0'.
2013-02-21 08:58:22,737 [main] INFO  c.n.h.c.p.n.NettyAsyncHttpProvider - Number of application's worked threads is 8
2013-02-21 08:58:23,977 [Worker-0] WARN  o.e.r.i.rcp.repo.ModelRepository - 'remote-models (http://download.eclipse.org/recommenders/models/juno/, releases+snapshots)' did not send ETAG header for 'org.eclipse.recommenders:index:zip:0.0.0'.
2013-02-21 10:26:22,306 [main] INFO  c.n.h.c.p.n.NettyAsyncHttpProvider - Number of application's worked threads is 8
2013-02-21 10:26:23,537 [Worker-10] WARN  o.e.r.i.rcp.repo.ModelRepository - 'remote-models (http://download.eclipse.org/recommenders/models/juno/, releases+snapshots)' did not send ETAG header for 'org.eclipse.recommenders:index:zip:0.0.0'.
2013-02-27 20:30:04,838 [main] INFO  c.n.h.c.p.n.NettyAsyncHttpProvider - Number of application's worked threads is 4
2013-02-27 20:30:06,258 [pool-6-thread-1] INFO  c.n.h.c.p.n.NettyAsyncHttpProvider - Number of application's worked threads is 4
2013-02-28 09:07:26,365 [main] INFO  c.n.h.c.p.n.NettyAsyncHttpProvider - Number of application's worked threads is 4
2013-02-28 09:07:28,352 [Worker-1] WARN  o.e.r.i.rcp.repo.ModelRepository - 'remote-models (http://download.eclipse.org/recommenders/models/juno/, releases+snapshots)' did not send ETAG header for 'org.eclipse.recommenders:index:zip:0.0.0'.
2013-02-28 09:07:28,664 [pool-6-thread-1] INFO  c.n.h.c.p.n.NettyAsyncHttpProvider - Number of application's worked threads is 4
2013-02-28 09:07:30,820 [Worker-1] WARN  o.e.r.i.rcp.repo.ModelRepository - 'remote-models (http://download.eclipse.org/recommenders/models/juno/, releases+snapshots)' did not send ETAG header for 'org.eclipse.recommenders:index:zip:0.0.0'.
2013-03-07 08:56:52,016 [main] INFO  c.n.h.c.p.n.NettyAsyncHttpProvider - Number of application's worked threads is 8
2013-03-07 08:56:53,756 [Worker-8] WARN  o.e.r.i.rcp.repo.ModelRepository - 'remote-models (http://download.eclipse.org/recommenders/models/juno/, releases+snapshots)' did not send ETAG header for 'org.eclipse.recommenders:index:zip:0.0.0'.
2013-03-08 11:45:27,535 [Worker-15] INFO  o.a.c.httpclient.HttpMethodDirector - I/O exception (java.net.ConnectException) caught when processing request: Connection refused: connect
2013-03-08 11:45:27,535 [Worker-15] INFO  o.a.c.httpclient.HttpMethodDirector - Retrying request
2013-03-08 11:45:28,567 [Worker-15] INFO  o.a.c.httpclient.HttpMethodDirector - I/O exception (java.net.ConnectException) caught when processing request: Connection refused: connect
2013-03-08 11:45:28,567 [Worker-15] INFO  o.a.c.httpclient.HttpMethodDirector - Retrying request
2013-03-08 11:45:29,598 [Worker-15] INFO  o.a.c.httpclient.HttpMethodDirector - I/O exception (java.net.ConnectException) caught when processing request: Connection refused: connect
2013-03-08 11:45:29,598 [Worker-15] INFO  o.a.c.httpclient.HttpMethodDirector - Retrying request
2013-03-08 11:45:31,848 [Worker-15] INFO  o.a.c.httpclient.HttpMethodDirector - I/O exception (java.net.ConnectException) caught when processing request: Connection refused: connect
2013-03-08 11:45:31,848 [Worker-15] INFO  o.a.c.httpclient.HttpMethodDirector - Retrying request
2013-03-08 11:45:32,879 [Worker-15] INFO  o.a.c.httpclient.HttpMethodDirector - I/O exception (java.net.ConnectException) caught when processing request: Connection refused: connect
2013-03-08 11:45:32,879 [Worker-15] INFO  o.a.c.httpclient.HttpMethodDirector - Retrying request
2013-03-08 11:45:33,895 [Worker-15] INFO  o.a.c.httpclient.HttpMethodDirector - I/O exception (java.net.ConnectException) caught when processing request: Connection refused: connect
2013-03-08 11:45:33,895 [Worker-15] INFO  o.a.c.httpclient.HttpMethodDirector - Retrying request
2013-03-08 11:45:37,005 [Worker-14] INFO  o.a.c.httpclient.HttpMethodDirector - I/O exception (java.net.ConnectException) caught when processing request: Connection refused: connect
2013-03-08 11:45:37,005 [Worker-14] INFO  o.a.c.httpclient.HttpMethodDirector - Retrying request
2013-03-08 11:45:38,036 [Worker-14] INFO  o.a.c.httpclient.HttpMethodDirector - I/O exception (java.net.ConnectException) caught when processing request: Connection refused: connect
2013-03-08 11:45:38,036 [Worker-14] INFO  o.a.c.httpclient.HttpMethodDirector - Retrying request
2013-03-08 11:45:39,067 [Worker-14] INFO  o.a.c.httpclient.HttpMethodDirector - I/O exception (java.net.ConnectException) caught when processing request: Connection refused: connect
2013-03-08 11:45:39,067 [Worker-14] INFO  o.a.c.httpclient.HttpMethodDirector - Retrying request
2013-03-08 11:45:41,317 [Worker-14] INFO  o.a.c.httpclient.HttpMethodDirector - I/O exception (java.net.ConnectException) caught when processing request: Connection refused: connect
2013-03-08 11:45:41,317 [Worker-14] INFO  o.a.c.httpclient.HttpMethodDirector - Retrying request
2013-03-08 11:45:42,333 [Worker-14] INFO  o.a.c.httpclient.HttpMethodDirector - I/O exception (java.net.ConnectException) caught when processing request: Connection refused: connect
2013-03-08 11:45:42,333 [Worker-14] INFO  o.a.c.httpclient.HttpMethodDirector - Retrying request
2013-03-08 11:45:43,364 [Worker-14] INFO  o.a.c.httpclient.HttpMethodDirector - I/O exception (java.net.ConnectException) caught when processing request: Connection refused: connect
2013-03-08 11:45:43,364 [Worker-14] INFO  o.a.c.httpclient.HttpMethodDirector - Retrying request
2013-03-08 11:45:43,880 [Worker-10] INFO  o.a.c.httpclient.HttpMethodDirector - I/O exception (java.net.ConnectException) caught when processing request: Connection refused: connect
2013-03-08 11:45:43,880 [Worker-10] INFO  o.a.c.httpclient.HttpMethodDirector - Retrying request
2013-03-08 11:45:44,896 [Worker-10] INFO  o.a.c.httpclient.HttpMethodDirector - I/O exception (java.net.ConnectException) caught when processing request: Connection refused: connect
2013-03-08 11:45:44,896 [Worker-10] INFO  o.a.c.httpclient.HttpMethodDirector - Retrying request
2013-03-08 11:45:45,427 [Worker-18] INFO  o.a.c.httpclient.HttpMethodDirector - I/O exception (java.net.ConnectException) caught when processing request: Connection refused: connect
2013-03-08 11:45:45,427 [Worker-18] INFO  o.a.c.httpclient.HttpMethodDirector - Retrying request
2013-03-08 11:45:46,427 [Worker-17] INFO  o.a.c.httpclient.HttpMethodDirector - I/O exception (java.net.ConnectException) caught when processing request: Connection refused: connect
2013-03-08 11:45:46,427 [Worker-17] INFO  o.a.c.httpclient.HttpMethodDirector - Retrying request
2013-03-08 11:45:46,474 [Worker-18] INFO  o.a.c.httpclient.HttpMethodDirector - I/O exception (java.net.ConnectException) caught when processing request: Connection refused: connect
2013-03-08 11:45:46,474 [Worker-18] INFO  o.a.c.httpclient.HttpMethodDirector - Retrying request
2013-03-08 11:45:47,458 [Worker-17] INFO  o.a.c.httpclient.HttpMethodDirector - I/O exception (java.net.ConnectException) caught when processing request: Connection refused: connect
2013-03-08 11:45:47,458 [Worker-17] INFO  o.a.c.httpclient.HttpMethodDirector - Retrying request
2013-03-08 11:45:47,489 [Worker-18] INFO  o.a.c.httpclient.HttpMethodDirector - I/O exception (java.net.ConnectException) caught when processing request: Connection refused: connect
2013-03-08 11:45:47,489 [Worker-18] INFO  o.a.c.httpclient.HttpMethodDirector - Retrying request
2013-03-08 11:45:48,505 [Worker-17] INFO  o.a.c.httpclient.HttpMethodDirector - I/O exception (java.net.ConnectException) caught when processing request: Connection refused: connect
2013-03-08 11:45:48,505 [Worker-17] INFO  o.a.c.httpclient.HttpMethodDirector - Retrying request
2013-03-08 11:45:49,536 [Worker-22] INFO  o.a.c.httpclient.HttpMethodDirector - I/O exception (java.net.ConnectException) caught when processing request: Connection refused: connect
2013-03-08 11:45:49,536 [Worker-22] INFO  o.a.c.httpclient.HttpMethodDirector - Retrying request
2013-03-08 11:45:50,583 [Worker-22] INFO  o.a.c.httpclient.HttpMethodDirector - I/O exception (java.net.ConnectException) caught when processing request: Connection refused: connect
2013-03-08 11:45:50,583 [Worker-22] INFO  o.a.c.httpclient.HttpMethodDirector - Retrying request
2013-03-08 11:45:50,786 [Worker-17] INFO  o.a.c.httpclient.HttpMethodDirector - I/O exception (java.net.ConnectException) caught when processing request: Connection refused: connect
2013-03-08 11:45:50,786 [Worker-17] INFO  o.a.c.httpclient.HttpMethodDirector - Retrying request
2013-03-08 11:45:51,599 [Worker-22] INFO  o.a.c.httpclient.HttpMethodDirector - I/O exception (java.net.ConnectException) caught when processing request: Connection refused: connect
2013-03-08 11:45:51,599 [Worker-22] INFO  o.a.c.httpclient.HttpMethodDirector - Retrying request
2013-03-08 11:45:51,818 [Worker-17] INFO  o.a.c.httpclient.HttpMethodDirector - I/O exception (java.net.ConnectException) caught when processing request: Connection refused: connect
2013-03-08 11:45:51,818 [Worker-17] INFO  o.a.c.httpclient.HttpMethodDirector - Retrying request
2013-03-08 11:45:52,865 [Worker-17] INFO  o.a.c.httpclient.HttpMethodDirector - I/O exception (java.net.ConnectException) caught when processing request: Connection refused: connect
2013-03-08 11:45:52,865 [Worker-17] INFO  o.a.c.httpclient.HttpMethodDirector - Retrying request
2013-03-08 11:45:53,646 [Worker-14] INFO  o.a.c.httpclient.HttpMethodDirector - I/O exception (java.net.ConnectException) caught when processing request: Connection refused: connect
2013-03-08 11:45:53,646 [Worker-14] INFO  o.a.c.httpclient.HttpMethodDirector - Retrying request
2013-03-08 11:45:54,677 [Worker-14] INFO  o.a.c.httpclient.HttpMethodDirector - I/O exception (java.net.ConnectException) caught when processing request: Connection refused: connect
2013-03-08 11:45:54,677 [Worker-14] INFO  o.a.c.httpclient.HttpMethodDirector - Retrying request
2013-03-08 11:45:55,709 [Worker-14] INFO  o.a.c.httpclient.HttpMethodDirector - I/O exception (java.net.ConnectException) caught when processing request: Connection refused: connect
2013-03-08 11:45:55,709 [Worker-14] INFO  o.a.c.httpclient.HttpMethodDirector - Retrying request
2013-03-08 11:45:57,990 [Worker-14] INFO  o.a.c.httpclient.HttpMethodDirector - I/O exception (java.net.ConnectException) caught when processing request: Connection refused: connect
2013-03-08 11:45:57,990 [Worker-14] INFO  o.a.c.httpclient.HttpMethodDirector - Retrying request
2013-03-08 11:45:59,021 [Worker-14] INFO  o.a.c.httpclient.HttpMethodDirector - I/O exception (java.net.ConnectException) caught when processing request: Connection refused: connect
2013-03-08 11:45:59,021 [Worker-14] INFO  o.a.c.httpclient.HttpMethodDirector - Retrying request
2013-03-08 11:46:00,037 [Worker-14] INFO  o.a.c.httpclient.HttpMethodDirector - I/O exception (java.net.ConnectException) caught when processing request: Connection refused: connect
2013-03-08 11:46:00,037 [Worker-14] INFO  o.a.c.httpclient.HttpMethodDirector - Retrying request
2013-03-08 11:46:02,099 [Worker-20] INFO  o.a.c.httpclient.HttpMethodDirector - I/O exception (java.net.ConnectException) caught when processing request: Connection refused: connect
2013-03-08 11:46:02,099 [Worker-20] INFO  o.a.c.httpclient.HttpMethodDirector - Retrying request
2013-03-08 11:46:03,115 [Worker-20] INFO  o.a.c.httpclient.HttpMethodDirector - I/O exception (java.net.ConnectException) caught when processing request: Connection refused: connect
2013-03-08 11:46:03,115 [Worker-20] INFO  o.a.c.httpclient.HttpMethodDirector - Retrying request
2013-03-08 11:46:04,146 [Worker-20] INFO  o.a.c.httpclient.HttpMethodDirector - I/O exception (java.net.ConnectException) caught when processing request: Connection refused: connect
2013-03-08 11:46:04,146 [Worker-20] INFO  o.a.c.httpclient.HttpMethodDirector - Retrying request
2013-03-08 11:46:06,207 [Worker-10] INFO  o.a.c.httpclient.HttpMethodDirector - I/O exception (java.net.ConnectException) caught when processing request: Connection refused: connect
2013-03-08 11:46:06,207 [Worker-10] INFO  o.a.c.httpclient.HttpMethodDirector - Retrying request
2013-03-08 11:46:07,361 [Worker-10] INFO  o.a.c.httpclient.HttpMethodDirector - I/O exception (java.net.ConnectException) caught when processing request: Connection refused: connect
2013-03-08 11:46:07,361 [Worker-10] INFO  o.a.c.httpclient.HttpMethodDirector - Retrying request
2013-03-08 11:46:08,366 [Worker-10] INFO  o.a.c.httpclient.HttpMethodDirector - I/O exception (java.net.ConnectException) caught when processing request: Connection refused: connect
2013-03-08 11:46:08,367 [Worker-10] INFO  o.a.c.httpclient.HttpMethodDirector - Retrying request
2013-03-08 11:46:10,404 [Worker-14] INFO  o.a.c.httpclient.HttpMethodDirector - I/O exception (java.net.ConnectException) caught when processing request: Connection refused: connect
2013-03-08 11:46:10,405 [Worker-14] INFO  o.a.c.httpclient.HttpMethodDirector - Retrying request
2013-03-08 11:46:11,407 [Worker-14] INFO  o.a.c.httpclient.HttpMethodDirector - I/O exception (java.net.ConnectException) caught when processing request: Connection refused: connect
2013-03-08 11:46:11,408 [Worker-14] INFO  o.a.c.httpclient.HttpMethodDirector - Retrying request
2013-03-08 11:46:12,415 [Worker-14] INFO  o.a.c.httpclient.HttpMethodDirector - I/O exception (java.net.ConnectException) caught when processing request: Connection refused: connect
2013-03-08 11:46:12,421 [Worker-14] INFO  o.a.c.httpclient.HttpMethodDirector - Retrying request
2013-03-08 11:46:14,651 [Worker-14] INFO  o.a.c.httpclient.HttpMethodDirector - I/O exception (java.net.ConnectException) caught when processing request: Connection refused: connect
2013-03-08 11:46:14,652 [Worker-14] INFO  o.a.c.httpclient.HttpMethodDirector - Retrying request
2013-03-08 11:46:15,660 [Worker-14] INFO  o.a.c.httpclient.HttpMethodDirector - I/O exception (java.net.ConnectException) caught when processing request: Connection refused: connect
2013-03-08 11:46:15,661 [Worker-14] INFO  o.a.c.httpclient.HttpMethodDirector - Retrying request
2013-03-08 11:46:16,664 [Worker-14] INFO  o.a.c.httpclient.HttpMethodDirector - I/O exception (java.net.ConnectException) caught when processing request: Connection refused: connect
2013-03-08 11:46:16,664 [Worker-14] INFO  o.a.c.httpclient.HttpMethodDirector - Retrying request
2013-03-08 11:46:18,698 [Worker-18] INFO  o.a.c.httpclient.HttpMethodDirector - I/O exception (java.net.ConnectException) caught when processing request: Connection refused: connect
2013-03-08 11:46:18,698 [Worker-18] INFO  o.a.c.httpclient.HttpMethodDirector - Retrying request
2013-03-08 11:46:19,714 [Worker-18] INFO  o.a.c.httpclient.HttpMethodDirector - I/O exception (java.net.ConnectException) caught when processing request: Connection refused: connect
2013-03-08 11:46:19,714 [Worker-18] INFO  o.a.c.httpclient.HttpMethodDirector - Retrying request
2013-03-08 11:46:20,737 [Worker-18] INFO  o.a.c.httpclient.HttpMethodDirector - I/O exception (java.net.ConnectException) caught when processing request: Connection refused: connect
2013-03-08 11:46:20,738 [Worker-18] INFO  o.a.c.httpclient.HttpMethodDirector - Retrying request
2013-03-08 11:46:22,789 [Worker-22] INFO  o.a.c.httpclient.HttpMethodDirector - I/O exception (java.net.ConnectException) caught when processing request: Connection refused: connect
2013-03-08 11:46:22,790 [Worker-22] INFO  o.a.c.httpclient.HttpMethodDirector - Retrying request
2013-03-08 11:46:23,800 [Worker-22] INFO  o.a.c.httpclient.HttpMethodDirector - I/O exception (java.net.ConnectException) caught when processing request: Connection refused: connect
2013-03-08 11:46:23,800 [Worker-22] INFO  o.a.c.httpclient.HttpMethodDirector - Retrying request
2013-03-08 11:46:24,815 [Worker-22] INFO  o.a.c.httpclient.HttpMethodDirector - I/O exception (java.net.ConnectException) caught when processing request: Connection refused: connect
2013-03-08 11:46:24,815 [Worker-22] INFO  o.a.c.httpclient.HttpMethodDirector - Retrying request
2013-03-16 16:35:05,293 [main] INFO  c.n.h.c.p.n.NettyAsyncHttpProvider - Number of application's worked threads is 8
2013-03-16 16:35:06,324 [pool-6-thread-1] INFO  c.n.h.c.p.n.NettyAsyncHttpProvider - Number of application's worked threads is 8
2013-03-16 20:24:00,949 [main] INFO  c.n.h.c.p.n.NettyAsyncHttpProvider - Number of application's worked threads is 8
2013-03-17 18:53:48,086 [main] INFO  c.n.h.c.p.n.NettyAsyncHttpProvider - Number of application's worked threads is 8
2013-03-17 19:05:43,988 [main] INFO  c.n.h.c.p.n.NettyAsyncHttpProvider - Number of application's worked threads is 8
2013-03-18 18:43:25,795 [main] INFO  c.n.h.c.p.n.NettyAsyncHttpProvider - Number of application's worked threads is 8
